This is pdfTeX, Version 3.14159265-2.6-1.40.20 (TeX Live 2019/Debian) (preloaded format=pdflatex 2021.4.8)  26 SEP 2021 18:59
entering extended mode
 restricted \write18 enabled.
 %&-line parsing enabled.
**refman
(./refman.tex
LaTeX2e <2020-02-02> patch level 2
L3 programming layer <2020-02-14>
(/usr/share/texlive/texmf-dist/tex/latex/base/book.cls
Document Class: book 2019/12/20 v1.4l Standard LaTeX document class
(/usr/share/texlive/texmf-dist/tex/latex/base/bk10.clo
File: bk10.clo 2019/12/20 v1.4l Standard LaTeX file (size option)
)
\c@part=\count167
\c@chapter=\count168
\c@section=\count169
\c@subsection=\count170
\c@subsubsection=\count171
\c@paragraph=\count172
\c@subparagraph=\count173
\c@figure=\count174
\c@table=\count175
\abovecaptionskip=\skip47
\belowcaptionskip=\skip48
\bibindent=\dimen134
)
(/usr/share/texlive/texmf-dist/tex/latex/base/ifthen.sty
Package: ifthen 2014/09/29 v1.1c Standard LaTeX ifthen package (DPC)
)
(/usr/share/texlive/texmf-dist/tex/latex/tools/array.sty
Rollback for package 'array' requested -> date 2016-10-06.
         Best approximation is the release introduced on 2016-10-06.

(/usr/share/texlive/texmf-dist/tex/latex/tools/array-2016-10-06.sty
Package: array 2016/10/06 v2.4d Tabular extension package (FMi)
\col@sep=\dimen135
\extrarowheight=\dimen136
\NC@list=\toks14
\extratabsurround=\skip49
\backup@length=\skip50
))
(/usr/share/texlive/texmf-dist/tex/latex/base/fixltx2e.sty
Package: fixltx2e 2016/12/29 v2.1a fixes to LaTeX (obsolete)
Applying: [2015/01/01] Old fixltx2e package on input line 46.


Package fixltx2e Warning: fixltx2e is not required with releases after 2015
(fixltx2e)                All fixes are now in the LaTeX kernel.
(fixltx2e)                See the latexrelease package for details.

Already applied: [0000/00/00] Old fixltx2e package on input line 53.
) (/usr/share/texlive/texmf-dist/tex/latex/tools/calc.sty
Package: calc 2017/05/25 v4.3 Infix arithmetic (KKT,FJ)
\calc@Acount=\count176
\calc@Bcount=\count177
\calc@Adimen=\dimen137
\calc@Bdimen=\dimen138
\calc@Askip=\skip51
\calc@Bskip=\skip52
LaTeX Info: Redefining \setlength on input line 80.
LaTeX Info: Redefining \addtolength on input line 81.
\calc@Ccount=\count178
\calc@Cskip=\skip53
) (./doxygen.sty
Package: doxygen 

(/usr/share/texlive/texmf-dist/tex/latex/base/alltt.sty
Package: alltt 1997/06/16 v2.0g defines alltt environment
)
(/usr/share/texlive/texmf-dist/tex/latex/float/float.sty
Package: float 2001/11/08 v1.3d Float enhancements (AL)
\c@float@type=\count179
\float@exts=\toks15
\float@box=\box45
\@float@everytoks=\toks16
\@floatcapt=\box46
)
(/usr/share/texlive/texmf-dist/tex/latex/tools/verbatim.sty
Package: verbatim 2019/11/10 v1.5r LaTeX2e package for verbatim enhancements
\every@verbatim=\toks17
\verbatim@line=\toks18
\verbatim@in@stream=\read2
)
(/usr/share/texlive/texmf-dist/tex/latex/xcolor/xcolor.sty
Package: xcolor 2016/05/11 v2.12 LaTeX color extensions (UK)

(/usr/share/texlive/texmf-dist/tex/latex/graphics-cfg/color.cfg
File: color.cfg 2016/01/02 v1.6 sample color configuration
)
Package xcolor Info: Driver file: pdftex.def on input line 225.

(/usr/share/texlive/texmf-dist/tex/latex/graphics-def/pdftex.def
File: pdftex.def 2018/01/08 v1.0l Graphics/color driver for pdftex
)
(/usr/share/texlive/texmf-dist/tex/latex/colortbl/colortbl.sty
Package: colortbl 2020/01/04 v1.0e Color table columns (DPC)
\everycr=\toks19
\minrowclearance=\skip54
)
\rownum=\count180
Package xcolor Info: Model `cmy' substituted by `cmy0' on input line 1348.
Package xcolor Info: Model `hsb' substituted by `rgb' on input line 1352.
Package xcolor Info: Model `RGB' extended on input line 1364.
Package xcolor Info: Model `HTML' substituted by `rgb' on input line 1366.
Package xcolor Info: Model `Hsb' substituted by `hsb' on input line 1367.
Package xcolor Info: Model `tHsb' substituted by `hsb' on input line 1368.
Package xcolor Info: Model `HSB' substituted by `hsb' on input line 1369.
Package xcolor Info: Model `Gray' substituted by `gray' on input line 1370.
Package xcolor Info: Model `wave' substituted by `hsb' on input line 1371.
)
(./longtable_doxygen.sty
Package: longtable_doxygen 2014/10/28 v4.11 Multi-page Table package (DPC) - fr
ozen version for doxygen
\LTleft=\skip55
\LTright=\skip56
\LTpre=\skip57
\LTpost=\skip58
\LTchunksize=\count181
\LTcapwidth=\dimen139
\LT@head=\box47
\LT@firsthead=\box48
\LT@foot=\box49
\LT@lastfoot=\box50
\LT@cols=\count182
\LT@rows=\count183
\c@LT@tables=\count184
\c@LT@chunks=\count185
\LT@p@ftn=\toks20
) (./tabu_doxygen.sty
Package: tabu_doxygen 2011/02/26 v2.8 - flexible LaTeX tabulars (FC), frozen ve
rsion for doxygen

(/usr/share/texlive/texmf-dist/tex/latex/varwidth/varwidth.sty
Package: varwidth 2009/03/30 ver 0.92;  Variable-width minipages
\@vwid@box=\box51
\sift@deathcycles=\count186
\@vwid@loff=\dimen140
\@vwid@roff=\dimen141
)
\c@taburow=\count187
\tabu@nbcols=\count188
\tabu@cnt=\count189
\tabu@Xcol=\count190
\tabu@alloc=\count191
\tabu@nested=\count192
\tabu@target=\dimen142
\tabu@spreadtarget=\dimen143
\tabu@naturalX=\dimen144
\tabucolX=\dimen145
\tabu@Xsum=\dimen146
\extrarowdepth=\dimen147
\abovetabulinesep=\dimen148
\belowtabulinesep=\dimen149
\tabustrutrule=\dimen150
\tabu@thebody=\toks21
\tabu@footnotes=\toks22
\tabu@box=\box52
\tabu@arstrutbox=\box53
\tabu@hleads=\box54
\tabu@vleads=\box55
\tabu@cellskip=\skip59
)
(/usr/share/texlive/texmf-dist/tex/latex/fancyvrb/fancyvrb.sty
Package: fancyvrb 2020/01/13 v3.5 verbatim text (tvz,hv)

(/usr/share/texlive/texmf-dist/tex/latex/graphics/keyval.sty
Package: keyval 2014/10/28 v1.15 key=value parser (DPC)
\KV@toks@=\toks23
)
\FV@CodeLineNo=\count193
\FV@InFile=\read3
\FV@TabBox=\box56
\c@FancyVerbLine=\count194
\FV@StepNumber=\count195
\FV@OutFile=\write3
)
(/usr/share/texlive/texmf-dist/tex/latex/tools/tabularx.sty
Package: tabularx 2020/01/15 v2.11c `tabularx' package (DPC)
\TX@col@width=\dimen151
\TX@old@table=\dimen152
\TX@old@col=\dimen153
\TX@target=\dimen154
\TX@delta=\dimen155
\TX@cols=\count196
\TX@ftn=\toks24
)
(/usr/share/texlive/texmf-dist/tex/latex/multirow/multirow.sty
Package: multirow 2019/05/31 v2.5 Span multiple rows of a table
\multirow@colwidth=\skip60
\multirow@cntb=\count197
\multirow@dima=\skip61
\bigstrutjot=\dimen156
)
(/usr/share/texlive/texmf-dist/tex/latex/hanging/hanging.sty
Package: hanging 2009/09/02 v1.2b hanging paragraphs and punctuation
\h@ngcommawd=\skip62
\h@ngfstopwd=\skip63
\h@ngquotewd=\skip64
\h@ngdquotewd=\skip65
\h@ngquerywd=\skip66
\h@ngexclwd=\skip67
\h@ngcolonwd=\skip68
\h@ngscolonwd=\skip69
)
(/usr/share/texlive/texmf-dist/tex/generic/iftex/ifpdf.sty
Package: ifpdf 2019/10/25 v3.4 ifpdf legacy package. Use iftex instead.

(/usr/share/texlive/texmf-dist/tex/generic/iftex/iftex.sty
Package: iftex 2019/11/07 v1.0c TeX engine tests
))
(/usr/share/texlive/texmf-dist/tex/latex/adjustbox/adjustbox.sty
Package: adjustbox 2019/01/04 v1.2 Adjusting TeX boxes (trim, clip, ...)

(/usr/share/texlive/texmf-dist/tex/latex/xkeyval/xkeyval.sty
Package: xkeyval 2014/12/03 v2.7a package option processing (HA)

(/usr/share/texlive/texmf-dist/tex/generic/xkeyval/xkeyval.tex
(/usr/share/texlive/texmf-dist/tex/generic/xkeyval/xkvutils.tex
\XKV@toks=\toks25
\XKV@tempa@toks=\toks26
)
\XKV@depth=\count198
File: xkeyval.tex 2014/12/03 v2.7a key=value parser (HA)
))
(/usr/share/texlive/texmf-dist/tex/latex/adjustbox/adjcalc.sty
Package: adjcalc 2012/05/16 v1.1 Provides advanced setlength with multiple back
-ends (calc, etex, pgfmath)
)
(/usr/share/texlive/texmf-dist/tex/latex/adjustbox/trimclip.sty
Package: trimclip 2018/04/08 v1.1 Trim and clip general TeX material

(/usr/share/texlive/texmf-dist/tex/latex/graphics/graphicx.sty
Package: graphicx 2019/11/30 v1.2a Enhanced LaTeX Graphics (DPC,SPQR)

(/usr/share/texlive/texmf-dist/tex/latex/graphics/graphics.sty
Package: graphics 2019/11/30 v1.4a Standard LaTeX Graphics (DPC,SPQR)

(/usr/share/texlive/texmf-dist/tex/latex/graphics/trig.sty
Package: trig 2016/01/03 v1.10 sin cos tan (DPC)
)
(/usr/share/texlive/texmf-dist/tex/latex/graphics-cfg/graphics.cfg
File: graphics.cfg 2016/06/04 v1.11 sample graphics configuration
)
Package graphics Info: Driver file: pdftex.def on input line 105.
)
\Gin@req@height=\dimen157
\Gin@req@width=\dimen158
)
(/usr/share/texlive/texmf-dist/tex/latex/collectbox/collectbox.sty
Package: collectbox 2012/05/17 v0.4b Collect macro arguments as boxes
\collectedbox=\box57
)
\tc@llx=\dimen159
\tc@lly=\dimen160
\tc@urx=\dimen161
\tc@ury=\dimen162
Package trimclip Info: Using driver 'tc-pdftex.def'.

(/usr/share/texlive/texmf-dist/tex/latex/adjustbox/tc-pdftex.def
File: tc-pdftex.def 2019/01/04 v2.2 Clipping driver for pdftex
))
\adjbox@Width=\dimen163
\adjbox@Height=\dimen164
\adjbox@Depth=\dimen165
\adjbox@Totalheight=\dimen166
\adjbox@pwidth=\dimen167
\adjbox@pheight=\dimen168
\adjbox@pdepth=\dimen169
\adjbox@ptotalheight=\dimen170

(/usr/share/texlive/texmf-dist/tex/latex/ifoddpage/ifoddpage.sty
Package: ifoddpage 2016/04/23 v1.1 Conditionals for odd/even page detection
\c@checkoddpage=\count199
))
(/usr/share/texlive/texmf-dist/tex/latex/amsfonts/amssymb.sty
Package: amssymb 2013/01/14 v3.01 AMS font symbols

(/usr/share/texlive/texmf-dist/tex/latex/amsfonts/amsfonts.sty
Package: amsfonts 2013/01/14 v3.01 Basic AMSFonts support
\@emptytoks=\toks27
\symAMSa=\mathgroup4
\symAMSb=\mathgroup5
LaTeX Font Info:    Redeclaring math symbol \hbar on input line 98.
LaTeX Font Info:    Overwriting math alphabet `\mathfrak' in version `bold'
(Font)                  U/euf/m/n --> U/euf/b/n on input line 106.
))
(/usr/share/texlive/texmf-dist/tex/latex/stackengine/stackengine.sty
Package: stackengine 2017/02/13 v4.01\ Stacking text and objects in convenient 
ways

(/usr/share/texlive/texmf-dist/tex/latex/etoolbox/etoolbox.sty
Package: etoolbox 2019/09/21 v2.5h e-TeX tools for LaTeX (JAW)
\etb@tempcnta=\count266
)
(/usr/share/texlive/texmf-dist/tex/generic/listofitems/listofitems.sty
(/usr/share/texlive/texmf-dist/tex/generic/listofitems/listofitems.tex
\loi_cnt_foreach_nest=\count267
\loi_nestcnt=\count268
)
Package: listofitems 2019/08/21 v1.63 Grab items in lists using user-specified 
sep char (CT)
)
\c@@stackindex=\count269
\@boxshift=\skip70
\stack@tmplength=\skip71
\temp@stkl=\skip72
\@stackedboxwidth=\skip73
\@addedbox=\box58
\@anchorbox=\box59
\stackedbox=\box60
\@centerbox=\box61
\c@ROWcellindex@=\count270
)
(/usr/share/texlive/texmf-dist/tex/generic/ulem/ulem.sty
\UL@box=\box62
\UL@hyphenbox=\box63
\UL@skip=\skip74
\UL@hook=\toks28
\UL@height=\dimen171
\UL@pe=\count271
\UL@pixel=\dimen172
\ULC@box=\box64
Package: ulem 2019/11/18
\ULdepth=\dimen173
)
\xrefbox=\box65
\xreflength=\skip75
\CodeWidthChar=\skip76
\CodeHeightChar=\skip77
\DoxyCodeWidth=\skip78
)
(/usr/share/texlive/texmf-dist/tex/latex/base/inputenc.sty
Package: inputenc 2018/08/11 v1.3c Input encoding file
\inpenc@prehook=\toks29
\inpenc@posthook=\toks30
)
(/usr/share/texlive/texmf-dist/tex/latex/base/makeidx.sty
Package: makeidx 2014/09/29 v1.0m Standard LaTeX package
)
(/usr/share/texlive/texmf-dist/tex/latex/tools/multicol.sty
Package: multicol 2019/12/09 v1.8y multicolumn formatting (FMi)
\c@tracingmulticols=\count272
\mult@box=\box66
\multicol@leftmargin=\dimen174
\c@unbalance=\count273
\c@collectmore=\count274
\doublecol@number=\count275
\multicoltolerance=\count276
\multicolpretolerance=\count277
\full@width=\dimen175
\page@free=\dimen176
\premulticols=\dimen177
\postmulticols=\dimen178
\multicolsep=\skip79
\multicolbaselineskip=\skip80
\partial@page=\box67
\last@line=\box68
\maxbalancingoverflow=\dimen179
\mult@rightbox=\box69
\mult@grightbox=\box70
\mult@gfirstbox=\box71
\mult@firstbox=\box72
\@tempa=\box73
\@tempa=\box74
\@tempa=\box75
\@tempa=\box76
\@tempa=\box77
\@tempa=\box78
\@tempa=\box79
\@tempa=\box80
\@tempa=\box81
\@tempa=\box82
\@tempa=\box83
\@tempa=\box84
\@tempa=\box85
\@tempa=\box86
\@tempa=\box87
\@tempa=\box88
\@tempa=\box89
\@tempa=\box90
\@tempa=\box91
\@tempa=\box92
\@tempa=\box93
\@tempa=\box94
\@tempa=\box95
\@tempa=\box96
\@tempa=\box97
\@tempa=\box98
\@tempa=\box99
\@tempa=\box100
\@tempa=\box101
\@tempa=\box102
\@tempa=\box103
\@tempa=\box104
\@tempa=\box105
\@tempa=\box106
\@tempa=\box107
\@tempa=\box108
\@tempa=\box109
\c@minrows=\count278
\c@columnbadness=\count279
\c@finalcolumnbadness=\count280
\last@try=\dimen180
\multicolovershoot=\dimen181
\multicolundershoot=\dimen182
\mult@nat@firstbox=\box110
\colbreak@box=\box111
\mc@col@check@num=\count281
)
(/usr/share/texlive/texmf-dist/tex/latex/base/textcomp.sty
Package: textcomp 2020/02/02 v2.0n Standard LaTeX package
)
(/usr/share/texlive/texmf-dist/tex/latex/wasysym/wasysym.sty
Package: wasysym 2020/01/19 v2.4 Wasy-2 symbol support package
\symwasy=\mathgroup6
LaTeX Font Info:    Overwriting symbol font `wasy' in version `bold'
(Font)                  U/wasy/m/n --> U/wasy/b/n on input line 93.
)
(/usr/share/texlive/texmf-dist/tex/generic/iftex/ifxetex.sty
Package: ifxetex 2019/10/25 v0.7 ifxetex legacy package. Use iftex instead.
)
(/usr/share/texlive/texmf-dist/tex/latex/base/fontenc.sty
Package: fontenc 2020/02/11 v2.0o Standard LaTeX package
)
(/usr/share/texlive/texmf-dist/tex/latex/psnfss/helvet.sty
Package: helvet 2005/04/12 PSNFSS-v9.2a (WaS) 
)
(/usr/share/texlive/texmf-dist/tex/latex/psnfss/courier.sty
Package: courier 2005/04/12 PSNFSS-v9.2a (WaS) 
)
(/usr/share/texlive/texmf-dist/tex/latex/sectsty/sectsty.sty
Package: sectsty 2002/02/25 v2.0.2 Commands to change all sectional heading sty
les


LaTeX Warning: Command \underbar  has changed.
               Check if current package is valid.


LaTeX Warning: Command \underline  has changed.
               Check if current package is valid.

) (/usr/share/texlive/texmf-dist/tex/latex/geometry/geometry.sty
Package: geometry 2020/01/02 v5.9 Page Geometry

(/usr/share/texlive/texmf-dist/tex/generic/iftex/ifvtex.sty
Package: ifvtex 2019/10/25 v1.7 ifvtex legacy package. Use iftex instead.
)
\Gm@cnth=\count282
\Gm@cntv=\count283
\c@Gm@tempcnt=\count284
\Gm@bindingoffset=\dimen183
\Gm@wd@mp=\dimen184
\Gm@odd@mp=\dimen185
\Gm@even@mp=\dimen186
\Gm@layoutwidth=\dimen187
\Gm@layoutheight=\dimen188
\Gm@layouthoffset=\dimen189
\Gm@layoutvoffset=\dimen190
\Gm@dimlist=\toks31
)
(/usr/share/texlive/texmf-dist/tex/latex/fancyhdr/fancyhdr.sty
Package: fancyhdr 2019/01/31 v3.10 Extensive control of page headers and footer
s
\f@nch@headwidth=\skip81
\f@nch@O@elh=\skip82
\f@nch@O@erh=\skip83
\f@nch@O@olh=\skip84
\f@nch@O@orh=\skip85
\f@nch@O@elf=\skip86
\f@nch@O@erf=\skip87
\f@nch@O@olf=\skip88
\f@nch@O@orf=\skip89
)
(/usr/share/texlive/texmf-dist/tex/latex/natbib/natbib.sty
Package: natbib 2010/09/13 8.31b (PWD, AO)
\bibhang=\skip90
\bibsep=\skip91
LaTeX Info: Redefining \cite on input line 694.
\c@NAT@ctr=\count285
)
(/usr/share/texlive/texmf-dist/tex/latex/tocloft/tocloft.sty
Package: tocloft 2017/08/31 v2.3i parameterised ToC, etc., typesetting
Package tocloft Info: The document has chapter divisions on input line 51.
\cftparskip=\skip92
\cftbeforetoctitleskip=\skip93
\cftaftertoctitleskip=\skip94
\cftbeforepartskip=\skip95
\cftpartnumwidth=\skip96
\cftpartindent=\skip97
\cftbeforechapskip=\skip98
\cftchapindent=\skip99
\cftchapnumwidth=\skip100
\cftbeforesecskip=\skip101
\cftsecindent=\skip102
\cftsecnumwidth=\skip103
\cftbeforesubsecskip=\skip104
\cftsubsecindent=\skip105
\cftsubsecnumwidth=\skip106
\cftbeforesubsubsecskip=\skip107
\cftsubsubsecindent=\skip108
\cftsubsubsecnumwidth=\skip109
\cftbeforeparaskip=\skip110
\cftparaindent=\skip111
\cftparanumwidth=\skip112
\cftbeforesubparaskip=\skip113
\cftsubparaindent=\skip114
\cftsubparanumwidth=\skip115
\cftbeforeloftitleskip=\skip116
\cftafterloftitleskip=\skip117
\cftbeforefigskip=\skip118
\cftfigindent=\skip119
\cftfignumwidth=\skip120
\c@lofdepth=\count286
\c@lotdepth=\count287
\cftbeforelottitleskip=\skip121
\cftafterlottitleskip=\skip122
\cftbeforetabskip=\skip123
\cfttabindent=\skip124
\cfttabnumwidth=\skip125
)
\@indexfile=\write4
\openout4 = `refman.idx'.


Writing index file refman.idx
(/usr/share/texlive/texmf-dist/tex/latex/newunicodechar/newunicodechar.sty
Package: newunicodechar 2018/04/08 v1.2 Defining Unicode characters
)

Package newunicodechar Warning: Redefining Unicode character on input line 116.



Package newunicodechar Warning: Redefining Unicode character on input line 117.


(/usr/share/texlive/texmf-dist/tex/latex/hyperref/hyperref.sty
Package: hyperref 2020/01/14 v7.00d Hypertext links for LaTeX

(/usr/share/texlive/texmf-dist/tex/generic/ltxcmds/ltxcmds.sty
Package: ltxcmds 2019/12/15 v1.24 LaTeX kernel commands for general use (HO)
)
(/usr/share/texlive/texmf-dist/tex/latex/pdftexcmds/pdftexcmds.sty
Package: pdftexcmds 2019/11/24 v0.31 Utility functions of pdfTeX for LuaTeX (HO
)

(/usr/share/texlive/texmf-dist/tex/generic/infwarerr/infwarerr.sty
Package: infwarerr 2019/12/03 v1.5 Providing info/warning/error messages (HO)
)
Package pdftexcmds Info: \pdf@primitive is available.
Package pdftexcmds Info: \pdf@ifprimitive is available.
Package pdftexcmds Info: \pdfdraftmode found.
)
(/usr/share/texlive/texmf-dist/tex/generic/kvsetkeys/kvsetkeys.sty
Package: kvsetkeys 2019/12/15 v1.18 Key value parser (HO)
)
(/usr/share/texlive/texmf-dist/tex/generic/kvdefinekeys/kvdefinekeys.sty
Package: kvdefinekeys 2019-12-19 v1.6 Define keys (HO)
)
(/usr/share/texlive/texmf-dist/tex/generic/pdfescape/pdfescape.sty
Package: pdfescape 2019/12/09 v1.15 Implements pdfTeX's escape features (HO)
)
(/usr/share/texlive/texmf-dist/tex/latex/hycolor/hycolor.sty
Package: hycolor 2020-01-27 v1.10 Color options for hyperref/bookmark (HO)
)
(/usr/share/texlive/texmf-dist/tex/latex/letltxmacro/letltxmacro.sty
Package: letltxmacro 2019/12/03 v1.6 Let assignment for LaTeX macros (HO)
)
(/usr/share/texlive/texmf-dist/tex/latex/auxhook/auxhook.sty
Package: auxhook 2019-12-17 v1.6 Hooks for auxiliary files (HO)
)
(/usr/share/texlive/texmf-dist/tex/latex/kvoptions/kvoptions.sty
Package: kvoptions 2019/11/29 v3.13 Key value format for package options (HO)
)
\@linkdim=\dimen191
\Hy@linkcounter=\count288
\Hy@pagecounter=\count289

(/usr/share/texlive/texmf-dist/tex/latex/hyperref/pd1enc.def
File: pd1enc.def 2020/01/14 v7.00d Hyperref: PDFDocEncoding definition (HO)
Now handling font encoding PD1 ...
... no UTF-8 mapping file for font encoding PD1
)
(/usr/share/texlive/texmf-dist/tex/generic/intcalc/intcalc.sty
Package: intcalc 2019/12/15 v1.3 Expandable calculations with integers (HO)
)
(/usr/share/texlive/texmf-dist/tex/generic/etexcmds/etexcmds.sty
Package: etexcmds 2019/12/15 v1.7 Avoid name clashes with e-TeX commands (HO)
)
\Hy@SavedSpaceFactor=\count290
\pdfmajorversion=\count291
Package hyperref Info: Hyper figures OFF on input line 4547.
Package hyperref Info: Link nesting OFF on input line 4552.
Package hyperref Info: Hyper index ON on input line 4555.
Package hyperref Info: Plain pages OFF on input line 4562.
Package hyperref Info: Backreferencing ON on input line 4565.
Package hyperref Info: Implicit mode ON; LaTeX internals redefined.
Package hyperref Info: Bookmarks ON on input line 4800.

(/usr/share/texlive/texmf-dist/tex/latex/hyperref/backref.sty
Package: backref 2020/01/14 v1.40 Bibliographical back referencing

(/usr/share/texlive/texmf-dist/tex/latex/rerunfilecheck/rerunfilecheck.sty
Package: rerunfilecheck 2019/12/05 v1.9 Rerun checks for auxiliary files (HO)

(/usr/share/texlive/texmf-dist/tex/latex/atveryend/atveryend.sty
Package: atveryend 2019-12-11 v1.11 Hooks at the very end of document (HO)
)
(/usr/share/texlive/texmf-dist/tex/generic/uniquecounter/uniquecounter.sty
Package: uniquecounter 2019/12/15 v1.4 Provide unlimited unique counter (HO)

(/usr/share/texlive/texmf-dist/tex/generic/bigintcalc/bigintcalc.sty
Package: bigintcalc 2019/12/15 v1.5 Expandable calculations on big integers (HO
)
))
Package uniquecounter Info: New unique counter `rerunfilecheck' on input line 2
86.
))
\c@Hy@tempcnt=\count292

(/usr/share/texlive/texmf-dist/tex/latex/url/url.sty
\Urlmuskip=\muskip16
Package: url 2013/09/16  ver 3.4  Verb mode for urls, etc.
)
LaTeX Info: Redefining \url on input line 5159.
\XeTeXLinkMargin=\dimen192

(/usr/share/texlive/texmf-dist/tex/generic/bitset/bitset.sty
Package: bitset 2019/12/09 v1.3 Handle bit-vector datatype (HO)
)
\Fld@menulength=\count293
\Field@Width=\dimen193
\Fld@charsize=\dimen194
Package hyperref Info: Hyper figures OFF on input line 6430.
Package hyperref Info: Link nesting OFF on input line 6435.
Package hyperref Info: Hyper index ON on input line 6438.
Package hyperref Info: backreferencing ON on input line 6443.
Package hyperref Info: Link coloring OFF on input line 6450.
Package hyperref Info: Link coloring with OCG OFF on input line 6455.
Package hyperref Info: PDF/A mode OFF on input line 6460.
LaTeX Info: Redefining \ref on input line 6500.
LaTeX Info: Redefining \pageref on input line 6504.

(/usr/share/texlive/texmf-dist/tex/generic/atbegshi/atbegshi.sty
Package: atbegshi 2019/12/05 v1.19 At begin shipout hook (HO)
)
\Hy@abspage=\count294
\c@Item=\count295
\c@Hfootnote=\count296
)
Package hyperref Info: Driver: hpdftex.

(/usr/share/texlive/texmf-dist/tex/latex/hyperref/hpdftex.def
File: hpdftex.def 2020/01/14 v7.00d Hyperref driver for pdfTeX
\Fld@listcount=\count297
\c@bookmark@seq@number=\count298
\Hy@SectionHShift=\skip126
)
Package hyperref Info: Option `colorlinks' set `true' on input line 135.
Package hyperref Info: Option `unicode' set `true' on input line 135.

(/usr/share/texlive/texmf-dist/tex/latex/hyperref/puenc.def
File: puenc.def 2020/01/14 v7.00d Hyperref: PDF Unicode definition (HO)
Now handling font encoding PU ...
... no UTF-8 mapping file for font encoding PU
)
(/usr/share/texlive/texmf-dist/tex/latex/caption/caption.sty
Package: caption 2020/01/03 v3.4h Customizing captions (AR)

(/usr/share/texlive/texmf-dist/tex/latex/caption/caption3.sty
Package: caption3 2020/01/03 v1.8h caption3 kernel (AR)
Package caption3 Info: TeX engine: e-TeX on input line 61.
\captionmargin=\dimen195
\captionmargin@=\dimen196
\captionwidth=\dimen197
\caption@tempdima=\dimen198
\caption@indent=\dimen199
\caption@parindent=\dimen256
\caption@hangindent=\dimen257
Package caption Info: Standard document class detected.
)
\c@caption@flags=\count299
\c@continuedfloat=\count300
Package caption Info: float package is loaded.
Package caption Info: hyperref package is loaded.
Package caption Info: longtable package is loaded.

(/usr/share/texlive/texmf-dist/tex/latex/caption/ltcaption.sty
Package: ltcaption 2018/08/26 v1.4a longtable captions (AR)
))
(/usr/share/texlive/texmf-dist/tex/latex/etoc/etoc.sty
Package: etoc 2019/11/17 v1.09b Completely customisable TOCs (JFB)
\Etoc@toctoks=\toks32
\c@etoc@tocid=\count301
\c@etoc@tocdepth=\count302
\etoc@framed@titlebox=\box112
\etoc@framed@contentsbox=\box113
)
(/usr/share/texlive/texmf-dist/tex/latex/l3backend/l3backend-pdfmode.def
File: l3backend-pdfmode.def 2020-02-03 L3 backend support: PDF mode
\l__kernel_color_stack_int=\count303
\l__pdf_internal_box=\box114
)
(./refman.aux)
\openout1 = `refman.aux'.

LaTeX Font Info:    Checking defaults for OML/cmm/m/it on input line 150.
LaTeX Font Info:    ... okay on input line 150.
LaTeX Font Info:    Checking defaults for OMS/cmsy/m/n on input line 150.
LaTeX Font Info:    ... okay on input line 150.
LaTeX Font Info:    Checking defaults for OT1/cmr/m/n on input line 150.
LaTeX Font Info:    ... okay on input line 150.
LaTeX Font Info:    Checking defaults for T1/cmr/m/n on input line 150.
LaTeX Font Info:    ... okay on input line 150.
LaTeX Font Info:    Checking defaults for TS1/cmr/m/n on input line 150.
LaTeX Font Info:    ... okay on input line 150.
LaTeX Font Info:    Checking defaults for OMX/cmex/m/n on input line 150.
LaTeX Font Info:    ... okay on input line 150.
LaTeX Font Info:    Checking defaults for U/cmr/m/n on input line 150.
LaTeX Font Info:    ... okay on input line 150.
LaTeX Font Info:    Checking defaults for PD1/pdf/m/n on input line 150.
LaTeX Font Info:    ... okay on input line 150.
LaTeX Font Info:    Checking defaults for PU/pdf/m/n on input line 150.
LaTeX Font Info:    ... okay on input line 150.
LaTeX Font Info:    Trying to load font information for T1+phv on input line 15
0.
 (/usr/share/texlive/texmf-dist/tex/latex/psnfss/t1phv.fd
File: t1phv.fd 2001/06/04 scalable font definitions for T1/phv.
)
LaTeX Font Info:    Font shape `T1/phv/m/n' will be
(Font)              scaled to size 8.99994pt on input line 150.

(/usr/share/texlive/texmf-dist/tex/context/base/mkii/supp-pdf.mkii
[Loading MPS to PDF converter (version 2006.09.02).]
\scratchcounter=\count304
\scratchdimen=\dimen258
\scratchbox=\box115
\nofMPsegments=\count305
\nofMParguments=\count306
\everyMPshowfont=\toks33
\MPscratchCnt=\count307
\MPscratchDim=\dimen259
\MPnumerator=\count308
\makeMPintoPDFobject=\count309
\everyMPtoPDFconversion=\toks34
) (/usr/share/texlive/texmf-dist/tex/latex/epstopdf-pkg/epstopdf-base.sty
Package: epstopdf-base 2020-01-24 v2.11 Base part for package epstopdf
Package epstopdf-base Info: Redefining graphics rule for `.eps' on input line 4
85.

(/usr/share/texlive/texmf-dist/tex/latex/latexconfig/epstopdf-sys.cfg
File: epstopdf-sys.cfg 2010/07/13 v1.3 Configuration of (r)epstopdf for TeX Liv
e
))
*geometry* driver: auto-detecting
*geometry* detected driver: pdftex
*geometry* verbose mode - [ preamble ] result:
* driver: pdftex
* paper: a4paper
* layout: <same size as paper>
* layoutoffset:(h,v)=(0.0pt,0.0pt)
* modes: twoside 
* h-part:(L,W,R)=(71.13188pt, 455.24411pt, 71.13188pt)
* v-part:(T,H,B)=(71.13188pt, 702.78308pt, 71.13188pt)
* \paperwidth=597.50787pt
* \paperheight=845.04684pt
* \textwidth=455.24411pt
* \textheight=702.78308pt
* \oddsidemargin=-1.1381pt
* \evensidemargin=-1.1381pt
* \topmargin=-31.2056pt
* \headheight=12.0pt
* \headsep=18.06749pt
* \topskip=10.0pt
* \footskip=25.29494pt
* \marginparwidth=125.0pt
* \marginparsep=7.0pt
* \columnsep=10.0pt
* \skip\footins=9.0pt plus 4.0pt minus 2.0pt
* \hoffset=0.0pt
* \voffset=0.0pt
* \mag=1000
* \@twocolumnfalse
* \@twosidetrue
* \@mparswitchtrue
* \@reversemarginfalse
* (1in=72.27pt=25.4mm, 1cm=28.453pt)

Package backref Info: ** backref set up for natbib ** on input line 150.
\AtBeginShipoutBox=\box116
Package hyperref Info: Link coloring ON on input line 150.
(/usr/share/texlive/texmf-dist/tex/latex/hyperref/nameref.sty
Package: nameref 2019/09/16 v2.46 Cross-referencing by name of section

(/usr/share/texlive/texmf-dist/tex/latex/refcount/refcount.sty
Package: refcount 2019/12/15 v3.6 Data extraction from label references (HO)
)
(/usr/share/texlive/texmf-dist/tex/generic/gettitlestring/gettitlestring.sty
Package: gettitlestring 2019/12/15 v1.6 Cleanup title references (HO)
)
\c@section@level=\count310
)
LaTeX Info: Redefining \ref on input line 150.
LaTeX Info: Redefining \pageref on input line 150.
LaTeX Info: Redefining \nameref on input line 150.

(./refman.out) (./refman.out)
\@outlinefile=\write5
\openout5 = `refman.out'.

Package caption Info: Begin \AtBeginDocument code.
Package caption Info: End \AtBeginDocument code.
\Etoc@tf=\read4
Package hyperref Info: Option `pageanchor' set `false' on input line 156.
Package hyperref Info: Option `bookmarksnumbered' set `true' on input line 156.

Package hyperref Info: Option `unicode' set `true' on input line 156.
LaTeX Font Info:    Font shape `T1/phv/m/n' will be
(Font)              scaled to size 12.9599pt on input line 161.
LaTeX Font Info:    Font shape `T1/phv/m/n' will be
(Font)              scaled to size 10.79993pt on input line 161.
LaTeX Font Info:    Font shape `T1/phv/m/n' will be
(Font)              scaled to size 6.29996pt on input line 161.
LaTeX Font Info:    Trying to load font information for U+msa on input line 161
.

(/usr/share/texlive/texmf-dist/tex/latex/amsfonts/umsa.fd
File: umsa.fd 2013/01/14 v3.01 AMS symbols A
)
LaTeX Font Info:    Trying to load font information for U+msb on input line 161
.

(/usr/share/texlive/texmf-dist/tex/latex/amsfonts/umsb.fd
File: umsb.fd 2013/01/14 v3.01 AMS symbols B
)
LaTeX Font Info:    Trying to load font information for U+wasy on input line 16
1.

(/usr/share/texlive/texmf-dist/tex/latex/wasysym/uwasy.fd
File: uwasy.fd 2020/01/19 v2.4 Wasy-2 symbol font definitions
) [1


{/var/lib/texmf/fonts/map/pdftex/updmap/pdftex.map}] [2

]
\tf@toc=\write6
\openout6 = `refman.toc'.

LaTeX Font Info:    Font shape `T1/phv/b/n' will be
(Font)              scaled to size 8.99994pt on input line 169.
LaTeX Font Info:    Font shape `T1/phv/m/n' will be
(Font)              scaled to size 7.19995pt on input line 169.
LaTeX Font Info:    Trying to load font information for T1+pcr on input line 16
9.

(/usr/share/texlive/texmf-dist/tex/latex/psnfss/t1pcr.fd
File: t1pcr.fd 2001/06/04 font definitions for T1/pcr.
)
LaTeX Font Info:    Font shape `T1/phv/b/n' will be
(Font)              scaled to size 6.29996pt on input line 169.
 [1] [2] [3] [4]
Package hyperref Info: Option `pageanchor' set `true' on input line 171.

Chapter 1.
LaTeX Font Info:    Font shape `T1/phv/m/n' will be
(Font)              scaled to size 18.66588pt on input line 174.
LaTeX Font Info:    Font shape `T1/phv/b/n' will be
(Font)              scaled to size 18.66588pt on input line 174.
LaTeX Font Info:    Font shape `T1/phv/bc/n' will be
(Font)              scaled to size 18.66588pt on input line 174.
LaTeX Font Info:    Font shape `T1/phv/m/n' will be
(Font)              scaled to size 22.39185pt on input line 174.
LaTeX Font Info:    Font shape `T1/phv/b/n' will be
(Font)              scaled to size 22.39185pt on input line 174.
LaTeX Font Info:    Font shape `T1/phv/bc/n' will be
(Font)              scaled to size 22.39185pt on input line 174.
(./bug.tex) [1


] [2

]
Chapter 2.
(./hierarchy.tex
LaTeX Font Info:    Font shape `T1/phv/b/n' will be
(Font)              scaled to size 12.9599pt on input line 1.
 [3]) [4]
Chapter 3.
(./annotated.tex [5

]
LaTeX Font Info:    Trying to load font information for TS1+phv on input line 5
3.
 (/usr/share/texlive/texmf-dist/tex/latex/psnfss/ts1phv.fd
File: ts1phv.fd 2001/06/04 scalable font definitions for TS1/phv.
)
LaTeX Font Info:    Font shape `TS1/phv/m/n' will be
(Font)              scaled to size 8.99994pt on input line 53.
) [6]
Chapter 4.
(./files.tex

LaTeX Warning: Reference `openglbuffer_8hpp' on page 7 undefined on input line 
3.


LaTeX Warning: Reference `openglcontext_8hpp' on page 7 undefined on input line
 4.


LaTeX Warning: Reference `openglframebuffer_8hpp' on page 7 undefined on input 
line 5.


LaTeX Warning: Reference `openglrendererapi_8hpp' on page 7 undefined on input 
line 6.


LaTeX Warning: Reference `openglshader_8hpp' on page 7 undefined on input line 
7.


LaTeX Warning: Reference `opengltexture_8hpp' on page 7 undefined on input line
 8.


LaTeX Warning: Reference `openglvertexarray_8hpp' on page 7 undefined on input 
line 9.


LaTeX Warning: Reference `buffer_8hpp' on page 7 undefined on input line 10.


LaTeX Warning: Reference `camera_8hpp' on page 7 undefined on input line 11.


LaTeX Warning: Reference `framebuffer_8hpp' on page 7 undefined on input line 1
2.


LaTeX Warning: Reference `graphicscontext_8hpp' on page 7 undefined on input li
ne 13.


LaTeX Warning: Reference `rendercommand_8hpp' on page 7 undefined on input line
 14.


LaTeX Warning: Reference `renderer_8hpp' on page 7 undefined on input line 15.


LaTeX Warning: Reference `rendererapi_8hpp' on page 7 undefined on input line 1
6.


LaTeX Warning: Reference `shader_8hpp' on page 7 undefined on input line 17.


LaTeX Warning: Reference `texture_8hpp' on page 7 undefined on input line 18.


LaTeX Warning: Reference `vertexarray_8hpp' on page 7 undefined on input line 1
9.


LaTeX Warning: Reference `light_8hpp' on page 7 undefined on input line 20.


LaTeX Warning: Reference `application_8hpp' on page 7 undefined on input line 2
1.


LaTeX Warning: Reference `entrypoint_8hpp' on page 7 undefined on input line 22
.


LaTeX Warning: Reference `input_8hpp' on page 7 undefined on input line 23.


LaTeX Warning: Reference `layer_8hpp' on page 7 undefined on input line 24.


LaTeX Warning: Reference `layerstack_8hpp' on page 7 undefined on input line 25
.


LaTeX Warning: Reference `timestep_8hpp' on page 7 undefined on input line 26.


LaTeX Warning: Reference `uuid_8hpp' on page 7 undefined on input line 27.


LaTeX Warning: Reference `window_8hpp' on page 7 undefined on input line 28.


LaTeX Warning: Reference `components_8hpp' on page 7 undefined on input line 29
.


LaTeX Warning: Reference `entity_8hpp' on page 7 undefined on input line 30.


LaTeX Warning: Reference `scene_8hpp' on page 7 undefined on input line 31.


LaTeX Warning: Reference `applicationevent_8hpp' on page 7 undefined on input l
ine 32.


LaTeX Warning: Reference `event_8hpp' on page 7 undefined on input line 33.


LaTeX Warning: Reference `keyevent_8hpp' on page 7 undefined on input line 34.


LaTeX Warning: Reference `mouseevent_8hpp' on page 7 undefined on input line 35
.


LaTeX Warning: Reference `imguilayer_8hpp' on page 7 undefined on input line 36
.


LaTeX Warning: Reference `keycodes_8hpp' on page 7 undefined on input line 37.


LaTeX Warning: Reference `mousecodes_8hpp' on page 7 undefined on input line 38
.


LaTeX Warning: Reference `inputglfw_8hpp' on page 7 undefined on input line 39.



LaTeX Warning: Reference `windowglfw_8hpp' on page 7 undefined on input line 40
.


LaTeX Warning: Reference `editorcamera_8hpp' on page 7 undefined on input line 
41.

[7

]

LaTeX Warning: Reference `boundingvolume_8hpp' on page 8 undefined on input lin
e 42.


LaTeX Warning: Reference `bvh_8hpp' on page 8 undefined on input line 43.


LaTeX Warning: Reference `collider_8hpp' on page 8 undefined on input line 44.


LaTeX Warning: Reference `physicsworld_8hpp' on page 8 undefined on input line 
45.


LaTeX Warning: Reference `rigidbody_8hpp' on page 8 undefined on input line 46.


) [8]
Chapter 5.
(./structPhysicc_1_1BVImpl_1_1AABB.tex
LaTeX Font Info:    Font shape `T1/phv/b/n' will be
(Font)              scaled to size 10.79993pt on input line 12.
) (./classLight_1_1Application.tex
[9

]) (./classPhysicc_1_1BVImpl_1_1BaseBV.tex

Package hyperref Warning: Token not allowed in a PDF string (Unicode):
(hyperref)                removing `math shift' on input line 1.


Package hyperref Warning: Token not allowed in a PDF string (Unicode):
(hyperref)                removing `math shift' on input line 1.


Package hyperref Warning: Token not allowed in a PDF string (Unicode):
(hyperref)                removing `math shift' on input line 1.


Package hyperref Warning: Token not allowed in a PDF string (Unicode):
(hyperref)                removing `math shift' on input line 1.

LaTeX Font Info:    Font shape `T1/phv/m/n' will be
(Font)              scaled to size 8.09995pt on input line 11.
LaTeX Font Info:    Font shape `T1/phv/m/it' in size <9> not available
(Font)              Font shape `T1/phv/m/sl' tried instead on input line 11.
LaTeX Font Info:    Font shape `T1/phv/m/sl' will be
(Font)              scaled to size 8.09995pt on input line 11.
LaTeX Font Info:    Font shape `T1/phv/m/it' in size <7> not available
(Font)              Font shape `T1/phv/m/sl' tried instead on input line 11.
LaTeX Font Info:    Font shape `T1/phv/m/sl' will be
(Font)              scaled to size 6.29996pt on input line 11.
LaTeX Font Info:    Font shape `T1/phv/bc/n' will be
(Font)              scaled to size 8.99994pt on input line 29.
LaTeX Font Info:    Font shape `T1/phv/bc/n' will be
(Font)              scaled to size 6.29996pt on input line 29.
LaTeX Font Info:    Font shape `T1/phv/b/n' will be
(Font)              scaled to size 7.19995pt on input line 46.
LaTeX Font Info:    Font shape `T1/pcr/m/it' in size <8> not available
(Font)              Font shape `T1/pcr/m/sl' tried instead on input line 48.
[10] [11]
Underfull \hbox (badness 10000) detected at line 104
[][][]
 []

) (./classPhysicc_1_1BVImpl_1_1BoxBV.tex

Package hyperref Warning: Token not allowed in a PDF string (Unicode):
(hyperref)                removing `math shift' on input line 1.


Package hyperref Warning: Token not allowed in a PDF string (Unicode):
(hyperref)                removing `math shift' on input line 1.


Package hyperref Warning: Token not allowed in a PDF string (Unicode):
(hyperref)                removing `math shift' on input line 1.


Package hyperref Warning: Token not allowed in a PDF string (Unicode):
(hyperref)                removing `math shift' on input line 1.

 <./classPhysicc_1_1BVImpl_1_1BoxBV__inherit__graph.pdf

pdfTeX warning: pdflatex (file ./classPhysicc_1_1BVImpl_1_1BoxBV__inherit__grap
h.pdf): PDF inclusion: multiple pdfs with page group included in a single page
>
<classPhysicc_1_1BVImpl_1_1BoxBV__inherit__graph.pdf, id=1077, 241.90375pt x 16
7.62625pt>
File: classPhysicc_1_1BVImpl_1_1BoxBV__inherit__graph.pdf Graphic file (type pd
f)
<use classPhysicc_1_1BVImpl_1_1BoxBV__inherit__graph.pdf>
Package pdftex.def Info: classPhysicc_1_1BVImpl_1_1BoxBV__inherit__graph.pdf  u
sed on input line 10.
(pdftex.def)             Requested size: 241.0pt x 167.00684pt.
 <./classPhysicc_1_1BVImpl_1_1BoxBV__coll__graph.pdf

pdfTeX warning: pdflatex (file ./classPhysicc_1_1BVImpl_1_1BoxBV__coll__graph.p
df): PDF inclusion: multiple pdfs with page group included in a single page
>
<classPhysicc_1_1BVImpl_1_1BoxBV__coll__graph.pdf, id=1085, 241.90375pt x 167.6
2625pt>
File: classPhysicc_1_1BVImpl_1_1BoxBV__coll__graph.pdf Graphic file (type pdf)
<use classPhysicc_1_1BVImpl_1_1BoxBV__coll__graph.pdf>
Package pdftex.def Info: classPhysicc_1_1BVImpl_1_1BoxBV__coll__graph.pdf  used
 on input line 20.
(pdftex.def)             Requested size: 241.0pt x 167.00684pt.
 [12]) (./classPhysicc_1_1BoxCollider.tex <./classPhysicc_1_1BoxCollider__inher
it__graph.pdf>
<classPhysicc_1_1BoxCollider__inherit__graph.pdf, id=1106, 196.735pt x 156.585p
t>
File: classPhysicc_1_1BoxCollider__inherit__graph.pdf Graphic file (type pdf)
<use classPhysicc_1_1BoxCollider__inherit__graph.pdf>
Package pdftex.def Info: classPhysicc_1_1BoxCollider__inherit__graph.pdf  used 
on input line 19.
(pdftex.def)             Requested size: 196.0pt x 155.99922pt.
 <./classPhysicc_1_1BoxCollider__coll__graph.pdf

pdfTeX warning: pdflatex (file ./classPhysicc_1_1BoxCollider__coll__graph.pdf):
 PDF inclusion: multiple pdfs with page group included in a single page
>
<classPhysicc_1_1BoxCollider__coll__graph.pdf, id=1114, 196.735pt x 156.585pt>
File: classPhysicc_1_1BoxCollider__coll__graph.pdf Graphic file (type pdf)
<use classPhysicc_1_1BoxCollider__coll__graph.pdf>
Package pdftex.def Info: classPhysicc_1_1BoxCollider__coll__graph.pdf  used on 
input line 29.
(pdftex.def)             Requested size: 196.0pt x 155.99922pt.
 [13]
LaTeX Font Info:    Font shape `T1/pcr/m/it' in size <7> not available
(Font)              Font shape `T1/pcr/m/sl' tried instead on input line 52.
 [14]
Underfull \hbox (badness 10000) detected at line 82
[][][]
 []

) (./structLight_1_1BufferElement.tex) (./classLight_1_1BufferLayout.tex)
(./classPhysicc_1_1BVH.tex) (./structPhysicc_1_1BVHNode.tex <./structPhysicc_1_
1BVHNode__coll__graph.pdf

pdfTeX warning: pdflatex (file ./structPhysicc_1_1BVHNode__coll__graph.pdf): PD
F inclusion: multiple pdfs with page group included in a single page
>
<structPhysicc_1_1BVHNode__coll__graph.pdf, id=1164, 411.5375pt x 186.6975pt>
File: structPhysicc_1_1BVHNode__coll__graph.pdf Graphic file (type pdf)
<use structPhysicc_1_1BVHNode__coll__graph.pdf>
Package pdftex.def Info: structPhysicc_1_1BVHNode__coll__graph.pdf  used on inp
ut line 9.
(pdftex.def)             Requested size: 350.0pt x 158.78192pt.
 [15]) (./classLight_1_1Camera.tex <./classLight_1_1Camera__inherit__graph.pdf

pdfTeX warning: pdflatex (file ./classLight_1_1Camera__inherit__graph.pdf): PDF
 inclusion: multiple pdfs with page group included in a single page
>
<classLight_1_1Camera__inherit__graph.pdf, id=1198, 193.72375pt x 156.585pt>
File: classLight_1_1Camera__inherit__graph.pdf Graphic file (type pdf)
<use classLight_1_1Camera__inherit__graph.pdf>
Package pdftex.def Info: classLight_1_1Camera__inherit__graph.pdf  used on inpu
t line 9.
(pdftex.def)             Requested size: 193.0pt x 156.00162pt.
 [16]) (./structLight_1_1CameraComponent.tex <./structLight_1_1CameraComponent_
_inherit__graph.pdf>
<structLight_1_1CameraComponent__inherit__graph.pdf, id=1222, 221.82875pt x 156
.585pt>
File: structLight_1_1CameraComponent__inherit__graph.pdf Graphic file (type pdf
)
<use structLight_1_1CameraComponent__inherit__graph.pdf>
Package pdftex.def Info: structLight_1_1CameraComponent__inherit__graph.pdf  us
ed on input line 10.
(pdftex.def)             Requested size: 221.0pt x 155.99922pt.
 <./structLight_1_1CameraComponent__coll__graph.pdf

pdfTeX warning: pdflatex (file ./structLight_1_1CameraComponent__coll__graph.pd
f): PDF inclusion: multiple pdfs with page group included in a single page
>
<structLight_1_1CameraComponent__coll__graph.pdf, id=1230, 287.0725pt x 167.626
25pt>
File: structLight_1_1CameraComponent__coll__graph.pdf Graphic file (type pdf)
<use structLight_1_1CameraComponent__coll__graph.pdf>
Package pdftex.def Info: structLight_1_1CameraComponent__coll__graph.pdf  used 
on input line 19.
(pdftex.def)             Requested size: 286.0pt x 167.00427pt.
 [17]) (./classPhysicc_1_1Collider.tex <./classPhysicc_1_1Collider__inherit__gr
aph.pdf>
<classPhysicc_1_1Collider__inherit__graph.pdf, id=1253, 347.2975pt x 156.585pt>

File: classPhysicc_1_1Collider__inherit__graph.pdf Graphic file (type pdf)
<use classPhysicc_1_1Collider__inherit__graph.pdf>
Package pdftex.def Info: classPhysicc_1_1Collider__inherit__graph.pdf  used on 
input line 18.
(pdftex.def)             Requested size: 346.0pt x 156.0064pt.
LaTeX Font Info:    Font shape `TS1/phv/m/it' in size <9> not available
(Font)              Font shape `TS1/phv/m/sl' tried instead on input line 27.
LaTeX Font Info:    Font shape `TS1/phv/m/sl' will be
(Font)              scaled to size 8.09995pt on input line 27.
 [18] [19]
Underfull \hbox (badness 10000) detected at line 112
[][][]
 []


Underfull \hbox (badness 10000) detected at line 125
[][][]
 []


Underfull \hbox (badness 10000) detected at line 138
[][][]
 []


Underfull \hbox (badness 10000) detected at line 151
[][][]
 []

[20]
Overfull \vbox (1.81845pt too high) has occurred while \output is active []


[21]) (./structLight_1_1Component.tex <./structLight_1_1Component__inherit__gra
ph.pdf

pdfTeX warning: pdflatex (file ./structLight_1_1Component__inherit__graph.pdf):
 PDF inclusion: multiple pdfs with page group included in a single page
>
<structLight_1_1Component__inherit__graph.pdf, id=1325, 393.47pt x 291.0875pt>
File: structLight_1_1Component__inherit__graph.pdf Graphic file (type pdf)
<use structLight_1_1Component__inherit__graph.pdf>
Package pdftex.def Info: structLight_1_1Component__inherit__graph.pdf  used on 
input line 9.
(pdftex.def)             Requested size: 350.0pt x 258.92491pt.
) (./classLight_1_1Cubemap.tex <./classLight_1_1Cubemap__inherit__graph.pdf

pdfTeX warning: pdflatex (file ./classLight_1_1Cubemap__inherit__graph.pdf): PD
F inclusion: multiple pdfs with page group included in a single page
>
<classLight_1_1Cubemap__inherit__graph.pdf, id=1333, 211.79124pt x 156.585pt>
File: classLight_1_1Cubemap__inherit__graph.pdf Graphic file (type pdf)
<use classLight_1_1Cubemap__inherit__graph.pdf>
Package pdftex.def Info: classLight_1_1Cubemap__inherit__graph.pdf  used on inp
ut line 10.
(pdftex.def)             Requested size: 211.0pt x 156.0064pt.
 [22]) (./classLight_1_1EditorCamera.tex <./classLight_1_1EditorCamera__inherit
__graph.pdf>
<classLight_1_1EditorCamera__inherit__graph.pdf, id=1350, 193.72375pt x 156.585
pt>
File: classLight_1_1EditorCamera__inherit__graph.pdf Graphic file (type pdf)
<use classLight_1_1EditorCamera__inherit__graph.pdf>
Package pdftex.def Info: classLight_1_1EditorCamera__inherit__graph.pdf  used o
n input line 9.
(pdftex.def)             Requested size: 193.0pt x 156.00162pt.
 <./classLight_1_1EditorCamera__coll__graph.pdf

pdfTeX warning: pdflatex (file ./classLight_1_1EditorCamera__coll__graph.pdf): 
PDF inclusion: multiple pdfs with page group included in a single page
>
<classLight_1_1EditorCamera__coll__graph.pdf, id=1358, 193.72375pt x 156.585pt>

File: classLight_1_1EditorCamera__coll__graph.pdf Graphic file (type pdf)
<use classLight_1_1EditorCamera__coll__graph.pdf>
Package pdftex.def Info: classLight_1_1EditorCamera__coll__graph.pdf  used on i
nput line 19.
(pdftex.def)             Requested size: 193.0pt x 156.00162pt.
 [23]) (./classLight_1_1Entity.tex [24]) (./classLight_1_1Event.tex <./classLig
ht_1_1Event__inherit__graph.pdf>
<classLight_1_1Event__inherit__graph.pdf, id=1408, 529.98pt x 373.395pt>
File: classLight_1_1Event__inherit__graph.pdf Graphic file (type pdf)
<use classLight_1_1Event__inherit__graph.pdf>
Package pdftex.def Info: classLight_1_1Event__inherit__graph.pdf  used on input
 line 10.
(pdftex.def)             Requested size: 350.0pt x 246.59529pt.
) (./classLight_1_1EventDispatcher.tex
[25]) (./classLight_1_1Framebuffer.tex <./classLight_1_1Framebuffer__inherit__g
raph.pdf>
<classLight_1_1Framebuffer__inherit__graph.pdf, id=1436, 225.84375pt x 156.585p
t>
File: classLight_1_1Framebuffer__inherit__graph.pdf Graphic file (type pdf)
<use classLight_1_1Framebuffer__inherit__graph.pdf>
Package pdftex.def Info: classLight_1_1Framebuffer__inherit__graph.pdf  used on
 input line 10.
(pdftex.def)             Requested size: 225.0pt x 156.00879pt.
) (./structLight_1_1FramebufferAttachmentsSpec.tex [26])
(./structLight_1_1FramebufferSpec.tex <./structLight_1_1FramebufferSpec__coll__
graph.pdf>
<structLight_1_1FramebufferSpec__coll__graph.pdf, id=1475, 273.02pt x 167.62625
pt>
File: structLight_1_1FramebufferSpec__coll__graph.pdf Graphic file (type pdf)
<use structLight_1_1FramebufferSpec__coll__graph.pdf>
Package pdftex.def Info: structLight_1_1FramebufferSpec__coll__graph.pdf  used 
on input line 10.
(pdftex.def)             Requested size: 272.0pt x 167.0094pt.
) (./structLight_1_1FramebufferTextureSpec.tex [27])
(./classLight_1_1GraphicsContext.tex <./classLight_1_1GraphicsContext__inherit_
_graph.pdf>
<classLight_1_1GraphicsContext__inherit__graph.pdf, id=1505, 208.78pt x 156.585
pt>
File: classLight_1_1GraphicsContext__inherit__graph.pdf Graphic file (type pdf)

<use classLight_1_1GraphicsContext__inherit__graph.pdf>
Package pdftex.def Info: classLight_1_1GraphicsContext__inherit__graph.pdf  use
d on input line 9.
(pdftex.def)             Requested size: 208.0pt x 156.00879pt.
) (./classLight_1_1ImguiLayer.tex <./classLight_1_1ImguiLayer__inherit__graph.p
df

pdfTeX warning: pdflatex (file ./classLight_1_1ImguiLayer__inherit__graph.pdf):
 PDF inclusion: multiple pdfs with page group included in a single page
>
<classLight_1_1ImguiLayer__inherit__graph.pdf, id=1513, 181.67876pt x 156.585pt
>
File: classLight_1_1ImguiLayer__inherit__graph.pdf Graphic file (type pdf)
<use classLight_1_1ImguiLayer__inherit__graph.pdf>
Package pdftex.def Info: classLight_1_1ImguiLayer__inherit__graph.pdf  used on 
input line 10.
(pdftex.def)             Requested size: 181.0pt x 156.004pt.
 [28] <./classLight_1_1ImguiLayer__coll__graph.pdf>
<classLight_1_1ImguiLayer__coll__graph.pdf, id=1535, 181.67876pt x 156.585pt>
File: classLight_1_1ImguiLayer__coll__graph.pdf Graphic file (type pdf)
<use classLight_1_1ImguiLayer__coll__graph.pdf>
Package pdftex.def Info: classLight_1_1ImguiLayer__coll__graph.pdf  used on inp
ut line 19.
(pdftex.def)             Requested size: 181.0pt x 156.004pt.
)
(./classLight_1_1IndexBuffer.tex <./classLight_1_1IndexBuffer__inherit__graph.p
df

pdfTeX warning: pdflatex (file ./classLight_1_1IndexBuffer__inherit__graph.pdf)
: PDF inclusion: multiple pdfs with page group included in a single page
>
<classLight_1_1IndexBuffer__inherit__graph.pdf, id=1544, 222.8325pt x 156.585pt
>
File: classLight_1_1IndexBuffer__inherit__graph.pdf Graphic file (type pdf)
<use classLight_1_1IndexBuffer__inherit__graph.pdf>
Package pdftex.def Info: classLight_1_1IndexBuffer__inherit__graph.pdf  used on
 input line 10.
(pdftex.def)             Requested size: 222.0pt x 156.00162pt.
 [29]) (./classLight_1_1Input.tex <./classLight_1_1Input__inherit__graph.pdf>
<classLight_1_1Input__inherit__graph.pdf, id=1569, 174.6525pt x 156.585pt>
File: classLight_1_1Input__inherit__graph.pdf Graphic file (type pdf)
<use classLight_1_1Input__inherit__graph.pdf>
Package pdftex.def Info: classLight_1_1Input__inherit__graph.pdf  used on input
 line 9.
(pdftex.def)             Requested size: 174.0pt x 156.00879pt.

[30]) (./classLight_1_1InputGlfw.tex <./classLight_1_1InputGlfw__inherit__graph
.pdf>
<classLight_1_1InputGlfw__inherit__graph.pdf, id=1591, 174.6525pt x 156.585pt>
File: classLight_1_1InputGlfw__inherit__graph.pdf Graphic file (type pdf)
<use classLight_1_1InputGlfw__inherit__graph.pdf>
Package pdftex.def Info: classLight_1_1InputGlfw__inherit__graph.pdf  used on i
nput line 9.
(pdftex.def)             Requested size: 174.0pt x 156.00879pt.
 <./classLight_1_1InputGlfw__coll__graph.pdf

pdfTeX warning: pdflatex (file ./classLight_1_1InputGlfw__coll__graph.pdf): PDF
 inclusion: multiple pdfs with page group included in a single page
>
<classLight_1_1InputGlfw__coll__graph.pdf, id=1599, 174.6525pt x 156.585pt>
File: classLight_1_1InputGlfw__coll__graph.pdf Graphic file (type pdf)
<use classLight_1_1InputGlfw__coll__graph.pdf>
Package pdftex.def Info: classLight_1_1InputGlfw__coll__graph.pdf  used on inpu
t line 19.
(pdftex.def)             Requested size: 174.0pt x 156.00879pt.
 [31]) (./classLight_1_1KeyEvent.tex <./classLight_1_1KeyEvent__inherit__graph.
pdf>
<classLight_1_1KeyEvent__inherit__graph.pdf, id=1623, 506.89375pt x 212.795pt>
File: classLight_1_1KeyEvent__inherit__graph.pdf Graphic file (type pdf)
<use classLight_1_1KeyEvent__inherit__graph.pdf>
Package pdftex.def Info: classLight_1_1KeyEvent__inherit__graph.pdf  used on in
put line 9.
(pdftex.def)             Requested size: 350.0pt x 146.9326pt.
 <./classLight_1_1KeyEvent__coll__graph.pdf

pdfTeX warning: pdflatex (file ./classLight_1_1KeyEvent__coll__graph.pdf): PDF 
inclusion: multiple pdfs with page group included in a single page
>
<classLight_1_1KeyEvent__coll__graph.pdf, id=1631, 172.645pt x 156.585pt>
File: classLight_1_1KeyEvent__coll__graph.pdf Graphic file (type pdf)
<use classLight_1_1KeyEvent__coll__graph.pdf>
Package pdftex.def Info: classLight_1_1KeyEvent__coll__graph.pdf  used on input
 line 18.
(pdftex.def)             Requested size: 172.0pt x 156.00162pt.
 [32]) (./classLight_1_1KeyPressedEvent.tex <./classLight_1_1KeyPressedEvent__i
nherit__graph.pdf>
<classLight_1_1KeyPressedEvent__inherit__graph.pdf, id=1653, 211.79124pt x 212.
795pt>
File: classLight_1_1KeyPressedEvent__inherit__graph.pdf Graphic file (type pdf)

<use classLight_1_1KeyPressedEvent__inherit__graph.pdf>
Package pdftex.def Info: classLight_1_1KeyPressedEvent__inherit__graph.pdf  use
d on input line 10.
(pdftex.def)             Requested size: 211.0pt x 212.00868pt.
 <./classLight_1_1KeyPressedEvent__coll__graph.pdf

pdfTeX warning: pdflatex (file ./classLight_1_1KeyPressedEvent__coll__graph.pdf
): PDF inclusion: multiple pdfs with page group included in a single page
>
<classLight_1_1KeyPressedEvent__coll__graph.pdf, id=1661, 211.79124pt x 212.795
pt>
File: classLight_1_1KeyPressedEvent__coll__graph.pdf Graphic file (type pdf)
<use classLight_1_1KeyPressedEvent__coll__graph.pdf>
Package pdftex.def Info: classLight_1_1KeyPressedEvent__coll__graph.pdf  used o
n input line 20.
(pdftex.def)             Requested size: 211.0pt x 212.00868pt.
 [33]) (./classLight_1_1KeyReleasedEvent.tex <./classLight_1_1KeyReleasedEvent_
_inherit__graph.pdf>
<classLight_1_1KeyReleasedEvent__inherit__graph.pdf, id=1680, 217.81375pt x 212
.795pt>
File: classLight_1_1KeyReleasedEvent__inherit__graph.pdf Graphic file (type pdf
)
<use classLight_1_1KeyReleasedEvent__inherit__graph.pdf>
Package pdftex.def Info: classLight_1_1KeyReleasedEvent__inherit__graph.pdf  us
ed on input line 10.
(pdftex.def)             Requested size: 217.0pt x 211.99895pt.
 <./classLight_1_1KeyReleasedEvent__coll__graph.pdf

pdfTeX warning: pdflatex (file ./classLight_1_1KeyReleasedEvent__coll__graph.pd
f): PDF inclusion: multiple pdfs with page group included in a single page
>
<classLight_1_1KeyReleasedEvent__coll__graph.pdf, id=1688, 217.81375pt x 212.79
5pt>
File: classLight_1_1KeyReleasedEvent__coll__graph.pdf Graphic file (type pdf)
<use classLight_1_1KeyReleasedEvent__coll__graph.pdf>
Package pdftex.def Info: classLight_1_1KeyReleasedEvent__coll__graph.pdf  used 
on input line 20.
(pdftex.def)             Requested size: 217.0pt x 211.99895pt.
 [34]) (./classLight_1_1KeyTypedEvent.tex <./classLight_1_1KeyTypedEvent__inher
it__graph.pdf>
<classLight_1_1KeyTypedEvent__inherit__graph.pdf, id=1709, 201.75375pt x 212.79
5pt>
File: classLight_1_1KeyTypedEvent__inherit__graph.pdf Graphic file (type pdf)
<use classLight_1_1KeyTypedEvent__inherit__graph.pdf>
Package pdftex.def Info: classLight_1_1KeyTypedEvent__inherit__graph.pdf  used 
on input line 9.
(pdftex.def)             Requested size: 201.0pt x 212.0022pt.
 <./classLight_1_1KeyTypedEvent__coll__graph.pdf

pdfTeX warning: pdflatex (file ./classLight_1_1KeyTypedEvent__coll__graph.pdf):
 PDF inclusion: multiple pdfs with page group included in a single page
>
<classLight_1_1KeyTypedEvent__coll__graph.pdf, id=1717, 201.75375pt x 212.795pt
>
File: classLight_1_1KeyTypedEvent__coll__graph.pdf Graphic file (type pdf)
<use classLight_1_1KeyTypedEvent__coll__graph.pdf>
Package pdftex.def Info: classLight_1_1KeyTypedEvent__coll__graph.pdf  used on 
input line 19.
(pdftex.def)             Requested size: 201.0pt x 212.0022pt.
 [35]) (./classLight_1_1Layer.tex <./classLight_1_1Layer__inherit__graph.pdf>
<classLight_1_1Layer__inherit__graph.pdf, id=1736, 181.67876pt x 156.585pt>
File: classLight_1_1Layer__inherit__graph.pdf Graphic file (type pdf)
<use classLight_1_1Layer__inherit__graph.pdf>
Package pdftex.def Info: classLight_1_1Layer__inherit__graph.pdf  used on input
 line 9.
(pdftex.def)             Requested size: 181.0pt x 156.004pt.

[36]) (./classLight_1_1LayerStack.tex) (./structLight_1_1LightComponent.tex <./
structLight_1_1LightComponent__inherit__graph.pdf>
<structLight_1_1LightComponent__inherit__graph.pdf, id=1763, 207.77625pt x 156.
585pt>
File: structLight_1_1LightComponent__inherit__graph.pdf Graphic file (type pdf)

<use structLight_1_1LightComponent__inherit__graph.pdf>
Package pdftex.def Info: structLight_1_1LightComponent__inherit__graph.pdf  use
d on input line 9.
(pdftex.def)             Requested size: 207.0pt x 156.0064pt.
 <./structLight_1_1LightComponent__coll__graph.pdf

pdfTeX warning: pdflatex (file ./structLight_1_1LightComponent__coll__graph.pdf
): PDF inclusion: multiple pdfs with page group included in a single page
>
<structLight_1_1LightComponent__coll__graph.pdf, id=1771, 207.77625pt x 156.585
pt>
File: structLight_1_1LightComponent__coll__graph.pdf Graphic file (type pdf)
<use structLight_1_1LightComponent__coll__graph.pdf>
Package pdftex.def Info: structLight_1_1LightComponent__coll__graph.pdf  used o
n input line 18.
(pdftex.def)             Requested size: 207.0pt x 156.0064pt.
 [37]) (./structLight_1_1MeshComponent.tex <./structLight_1_1MeshComponent__inh
erit__graph.pdf

pdfTeX warning: pdflatex (file ./structLight_1_1MeshComponent__inherit__graph.p
df): PDF inclusion: multiple pdfs with page group included in a single page
>
<structLight_1_1MeshComponent__inherit__graph.pdf, id=1807, 209.78375pt x 156.5
85pt>
File: structLight_1_1MeshComponent__inherit__graph.pdf Graphic file (type pdf)
<use structLight_1_1MeshComponent__inherit__graph.pdf>
Package pdftex.def Info: structLight_1_1MeshComponent__inherit__graph.pdf  used
 on input line 9.
(pdftex.def)             Requested size: 209.0pt x 155.99922pt.
 [38] <./structLight_1_1MeshComponent__coll__graph.pdf>
<structLight_1_1MeshComponent__coll__graph.pdf, id=1827, 209.78375pt x 156.585p
t>
File: structLight_1_1MeshComponent__coll__graph.pdf Graphic file (type pdf)
<use structLight_1_1MeshComponent__coll__graph.pdf>
Package pdftex.def Info: structLight_1_1MeshComponent__coll__graph.pdf  used on
 input line 19.
(pdftex.def)             Requested size: 209.0pt x 155.99922pt.
)
(./structLight_1_1MeshRendererComponent.tex <./structLight_1_1MeshRendererCompo
nent__inherit__graph.pdf

pdfTeX warning: pdflatex (file ./structLight_1_1MeshRendererComponent__inherit_
_graph.pdf): PDF inclusion: multiple pdfs with page group included in a single 
page
>
<structLight_1_1MeshRendererComponent__inherit__graph.pdf, id=1838, 253.94875pt
 x 156.585pt>
File: structLight_1_1MeshRendererComponent__inherit__graph.pdf Graphic file (ty
pe pdf)
<use structLight_1_1MeshRendererComponent__inherit__graph.pdf>
Package pdftex.def Info: structLight_1_1MeshRendererComponent__inherit__graph.p
df  used on input line 9.
(pdftex.def)             Requested size: 253.0pt x 156.0064pt.
 [39] <./structLight_1_1MeshRendererComponent__coll__graph.pdf>
<structLight_1_1MeshRendererComponent__coll__graph.pdf, id=1857, 253.94875pt x 
156.585pt>
File: structLight_1_1MeshRendererComponent__coll__graph.pdf Graphic file (type 
pdf)
<use structLight_1_1MeshRendererComponent__coll__graph.pdf>
Package pdftex.def Info: structLight_1_1MeshRendererComponent__coll__graph.pdf 
 used on input line 18.
(pdftex.def)             Requested size: 253.0pt x 156.0064pt.
)
(./classLight_1_1MouseButtonEvent.tex <./classLight_1_1MouseButtonEvent__inheri
t__graph.pdf

pdfTeX warning: pdflatex (file ./classLight_1_1MouseButtonEvent__inherit__graph
.pdf): PDF inclusion: multiple pdfs with page group included in a single page
>
<classLight_1_1MouseButtonEvent__inherit__graph.pdf, id=1866, 405.515pt x 223.8
3624pt>
File: classLight_1_1MouseButtonEvent__inherit__graph.pdf Graphic file (type pdf
)
<use classLight_1_1MouseButtonEvent__inherit__graph.pdf>
Package pdftex.def Info: classLight_1_1MouseButtonEvent__inherit__graph.pdf  us
ed on input line 10.
(pdftex.def)             Requested size: 350.0pt x 193.19899pt.
 [40] <./classLight_1_1MouseButtonEvent__coll__graph.pdf>
<classLight_1_1MouseButtonEvent__coll__graph.pdf, id=1887, 219.82124pt x 156.58
5pt>
File: classLight_1_1MouseButtonEvent__coll__graph.pdf Graphic file (type pdf)
<use classLight_1_1MouseButtonEvent__coll__graph.pdf>
Package pdftex.def Info: classLight_1_1MouseButtonEvent__coll__graph.pdf  used 
on input line 19.
(pdftex.def)             Requested size: 219.0pt x 156.004pt.
)
(./classLight_1_1MouseButtonPressedEvent.tex <./classLight_1_1MouseButtonPresse
dEvent__inherit__graph.pdf

pdfTeX warning: pdflatex (file ./classLight_1_1MouseButtonPressedEvent__inherit
__graph.pdf): PDF inclusion: multiple pdfs with page group included in a single
 page
>
<classLight_1_1MouseButtonPressedEvent__inherit__graph.pdf, id=1895, 229.85875p
t x 223.83624pt>
File: classLight_1_1MouseButtonPressedEvent__inherit__graph.pdf Graphic file (t
ype pdf)
<use classLight_1_1MouseButtonPressedEvent__inherit__graph.pdf>
Package pdftex.def Info: classLight_1_1MouseButtonPressedEvent__inherit__graph.
pdf  used on input line 10.
(pdftex.def)             Requested size: 229.0pt x 223.01256pt.
 [41] <./classLight_1_1MouseButtonPressedEvent__coll__graph.pdf>
<classLight_1_1MouseButtonPressedEvent__coll__graph.pdf, id=1916, 229.85875pt x
 223.83624pt>
File: classLight_1_1MouseButtonPressedEvent__coll__graph.pdf Graphic file (type
 pdf)
<use classLight_1_1MouseButtonPressedEvent__coll__graph.pdf>
Package pdftex.def Info: classLight_1_1MouseButtonPressedEvent__coll__graph.pdf
  used on input line 19.
(pdftex.def)             Requested size: 229.0pt x 223.01256pt.
 [42])
(./classLight_1_1MouseButtonReleasedEvent.tex <./classLight_1_1MouseButtonRelea
sedEvent__inherit__graph.pdf>
<classLight_1_1MouseButtonReleasedEvent__inherit__graph.pdf, id=1932, 236.885pt
 x 223.83624pt>
File: classLight_1_1MouseButtonReleasedEvent__inherit__graph.pdf Graphic file (
type pdf)
<use classLight_1_1MouseButtonReleasedEvent__inherit__graph.pdf>
Package pdftex.def Info: classLight_1_1MouseButtonReleasedEvent__inherit__graph
.pdf  used on input line 9.
(pdftex.def)             Requested size: 236.0pt x 223.00572pt.
 <./classLight_1_1MouseButtonReleasedEvent__coll__graph.pdf

pdfTeX warning: pdflatex (file ./classLight_1_1MouseButtonReleasedEvent__coll__
graph.pdf): PDF inclusion: multiple pdfs with page group included in a single p
age
>
<classLight_1_1MouseButtonReleasedEvent__coll__graph.pdf, id=1941, 236.885pt x 
223.83624pt>
File: classLight_1_1MouseButtonReleasedEvent__coll__graph.pdf Graphic file (typ
e pdf)
<use classLight_1_1MouseButtonReleasedEvent__coll__graph.pdf>
Package pdftex.def Info: classLight_1_1MouseButtonReleasedEvent__coll__graph.pd
f  used on input line 19.
(pdftex.def)             Requested size: 236.0pt x 223.00572pt.
 [43]) (./classLight_1_1MouseMovedEvent.tex <./classLight_1_1MouseMovedEvent__i
nherit__graph.pdf>
<classLight_1_1MouseMovedEvent__inherit__graph.pdf, id=1961, 220.825pt x 156.58
5pt>
File: classLight_1_1MouseMovedEvent__inherit__graph.pdf Graphic file (type pdf)

<use classLight_1_1MouseMovedEvent__inherit__graph.pdf>
Package pdftex.def Info: classLight_1_1MouseMovedEvent__inherit__graph.pdf  use
d on input line 9.
(pdftex.def)             Requested size: 220.0pt x 156.0064pt.
 <./classLight_1_1MouseMovedEvent__coll__graph.pdf

pdfTeX warning: pdflatex (file ./classLight_1_1MouseMovedEvent__coll__graph.pdf
): PDF inclusion: multiple pdfs with page group included in a single page
>
<classLight_1_1MouseMovedEvent__coll__graph.pdf, id=1969, 220.825pt x 156.585pt
>
File: classLight_1_1MouseMovedEvent__coll__graph.pdf Graphic file (type pdf)
<use classLight_1_1MouseMovedEvent__coll__graph.pdf>
Package pdftex.def Info: classLight_1_1MouseMovedEvent__coll__graph.pdf  used o
n input line 19.
(pdftex.def)             Requested size: 220.0pt x 156.0064pt.
 [44]) (./classLight_1_1MouseScrolledEvent.tex <./classLight_1_1MouseScrolledEv
ent__inherit__graph.pdf>
<classLight_1_1MouseScrolledEvent__inherit__graph.pdf, id=1992, 226.8475pt x 15
6.585pt>
File: classLight_1_1MouseScrolledEvent__inherit__graph.pdf Graphic file (type p
df)
<use classLight_1_1MouseScrolledEvent__inherit__graph.pdf>
Package pdftex.def Info: classLight_1_1MouseScrolledEvent__inherit__graph.pdf  
used on input line 9.
(pdftex.def)             Requested size: 226.0pt x 156.00162pt.
 <./classLight_1_1MouseScrolledEvent__coll__graph.pdf

pdfTeX warning: pdflatex (file ./classLight_1_1MouseScrolledEvent__coll__graph.
pdf): PDF inclusion: multiple pdfs with page group included in a single page
>
<classLight_1_1MouseScrolledEvent__coll__graph.pdf, id=2000, 226.8475pt x 156.5
85pt>
File: classLight_1_1MouseScrolledEvent__coll__graph.pdf Graphic file (type pdf)

<use classLight_1_1MouseScrolledEvent__coll__graph.pdf>
Package pdftex.def Info: classLight_1_1MouseScrolledEvent__coll__graph.pdf  use
d on input line 19.
(pdftex.def)             Requested size: 226.0pt x 156.00162pt.
) (./classLight_1_1OpenGLContext.tex <./classLight_1_1OpenGLContext__inherit__g
raph.pdf

pdfTeX warning: pdflatex (file ./classLight_1_1OpenGLContext__inherit__graph.pd
f): PDF inclusion: multiple pdfs with page group included in a single page
>
<classLight_1_1OpenGLContext__inherit__graph.pdf, id=2008, 208.78pt x 156.585pt
>
File: classLight_1_1OpenGLContext__inherit__graph.pdf Graphic file (type pdf)
<use classLight_1_1OpenGLContext__inherit__graph.pdf>
Package pdftex.def Info: classLight_1_1OpenGLContext__inherit__graph.pdf  used 
on input line 10.
(pdftex.def)             Requested size: 208.0pt x 156.00879pt.
 [45] <./classLight_1_1OpenGLContext__coll__graph.pdf>
<classLight_1_1OpenGLContext__coll__graph.pdf, id=2029, 208.78pt x 156.585pt>
File: classLight_1_1OpenGLContext__coll__graph.pdf Graphic file (type pdf)
<use classLight_1_1OpenGLContext__coll__graph.pdf>
Package pdftex.def Info: classLight_1_1OpenGLContext__coll__graph.pdf  used on 
input line 20.
(pdftex.def)             Requested size: 208.0pt x 156.00879pt.
)
(./classLight_1_1OpenGLCubemap.tex <./classLight_1_1OpenGLCubemap__inherit__gra
ph.pdf

pdfTeX warning: pdflatex (file ./classLight_1_1OpenGLCubemap__inherit__graph.pd
f): PDF inclusion: multiple pdfs with page group included in a single page
>
<classLight_1_1OpenGLCubemap__inherit__graph.pdf, id=2037, 211.79124pt x 156.58
5pt>
File: classLight_1_1OpenGLCubemap__inherit__graph.pdf Graphic file (type pdf)
<use classLight_1_1OpenGLCubemap__inherit__graph.pdf>
Package pdftex.def Info: classLight_1_1OpenGLCubemap__inherit__graph.pdf  used 
on input line 10.
(pdftex.def)             Requested size: 211.0pt x 156.0064pt.
 [46] <./classLight_1_1OpenGLCubemap__coll__graph.pdf>
<classLight_1_1OpenGLCubemap__coll__graph.pdf, id=2056, 211.79124pt x 156.585pt
>
File: classLight_1_1OpenGLCubemap__coll__graph.pdf Graphic file (type pdf)
<use classLight_1_1OpenGLCubemap__coll__graph.pdf>
Package pdftex.def Info: classLight_1_1OpenGLCubemap__coll__graph.pdf  used on 
input line 20.
(pdftex.def)             Requested size: 211.0pt x 156.0064pt.
)
(./classLight_1_1OpenGLFramebuffer.tex <./classLight_1_1OpenGLFramebuffer__inhe
rit__graph.pdf

pdfTeX warning: pdflatex (file ./classLight_1_1OpenGLFramebuffer__inherit__grap
h.pdf): PDF inclusion: multiple pdfs with page group included in a single page
>
<classLight_1_1OpenGLFramebuffer__inherit__graph.pdf, id=2065, 225.84375pt x 15
6.585pt>
File: classLight_1_1OpenGLFramebuffer__inherit__graph.pdf Graphic file (type pd
f)
<use classLight_1_1OpenGLFramebuffer__inherit__graph.pdf>
Package pdftex.def Info: classLight_1_1OpenGLFramebuffer__inherit__graph.pdf  u
sed on input line 9.
(pdftex.def)             Requested size: 225.0pt x 156.00879pt.
 [47] <./classLight_1_1OpenGLFramebuffer__coll__graph.pdf>
<classLight_1_1OpenGLFramebuffer__coll__graph.pdf, id=2084, 225.84375pt x 156.5
85pt>
File: classLight_1_1OpenGLFramebuffer__coll__graph.pdf Graphic file (type pdf)
<use classLight_1_1OpenGLFramebuffer__coll__graph.pdf>
Package pdftex.def Info: classLight_1_1OpenGLFramebuffer__coll__graph.pdf  used
 on input line 19.
(pdftex.def)             Requested size: 225.0pt x 156.00879pt.
)
(./classLight_1_1OpenGLIndexBuffer.tex <./classLight_1_1OpenGLIndexBuffer__inhe
rit__graph.pdf

pdfTeX warning: pdflatex (file ./classLight_1_1OpenGLIndexBuffer__inherit__grap
h.pdf): PDF inclusion: multiple pdfs with page group included in a single page
>
<classLight_1_1OpenGLIndexBuffer__inherit__graph.pdf, id=2094, 222.8325pt x 156
.585pt>
File: classLight_1_1OpenGLIndexBuffer__inherit__graph.pdf Graphic file (type pd
f)
<use classLight_1_1OpenGLIndexBuffer__inherit__graph.pdf>
Package pdftex.def Info: classLight_1_1OpenGLIndexBuffer__inherit__graph.pdf  u
sed on input line 9.
(pdftex.def)             Requested size: 222.0pt x 156.00162pt.
 [48] <./classLight_1_1OpenGLIndexBuffer__coll__graph.pdf>
<classLight_1_1OpenGLIndexBuffer__coll__graph.pdf, id=2122, 222.8325pt x 156.58
5pt>
File: classLight_1_1OpenGLIndexBuffer__coll__graph.pdf Graphic file (type pdf)
<use classLight_1_1OpenGLIndexBuffer__coll__graph.pdf>
Package pdftex.def Info: classLight_1_1OpenGLIndexBuffer__coll__graph.pdf  used
 on input line 18.
(pdftex.def)             Requested size: 222.0pt x 156.00162pt.
)
(./classLight_1_1OpenGLRendererAPI.tex <./classLight_1_1OpenGLRendererAPI__inhe
rit__graph.pdf

pdfTeX warning: pdflatex (file ./classLight_1_1OpenGLRendererAPI__inherit__grap
h.pdf): PDF inclusion: multiple pdfs with page group included in a single page
>
<classLight_1_1OpenGLRendererAPI__inherit__graph.pdf, id=2130, 225.84375pt x 15
6.585pt>
File: classLight_1_1OpenGLRendererAPI__inherit__graph.pdf Graphic file (type pd
f)
<use classLight_1_1OpenGLRendererAPI__inherit__graph.pdf>
Package pdftex.def Info: classLight_1_1OpenGLRendererAPI__inherit__graph.pdf  u
sed on input line 10.
(pdftex.def)             Requested size: 225.0pt x 156.00879pt.
 [49] <./classLight_1_1OpenGLRendererAPI__coll__graph.pdf>
<classLight_1_1OpenGLRendererAPI__coll__graph.pdf, id=2152, 225.84375pt x 156.5
85pt>
File: classLight_1_1OpenGLRendererAPI__coll__graph.pdf Graphic file (type pdf)
<use classLight_1_1OpenGLRendererAPI__coll__graph.pdf>
Package pdftex.def Info: classLight_1_1OpenGLRendererAPI__coll__graph.pdf  used
 on input line 19.
(pdftex.def)             Requested size: 225.0pt x 156.00879pt.
)
(./classLight_1_1OpenGLShader.tex <./classLight_1_1OpenGLShader__inherit__graph
.pdf

pdfTeX warning: pdflatex (file ./classLight_1_1OpenGLShader__inherit__graph.pdf
): PDF inclusion: multiple pdfs with page group included in a single page
>
<classLight_1_1OpenGLShader__inherit__graph.pdf, id=2160, 199.74625pt x 156.585
pt>
File: classLight_1_1OpenGLShader__inherit__graph.pdf Graphic file (type pdf)
<use classLight_1_1OpenGLShader__inherit__graph.pdf>
Package pdftex.def Info: classLight_1_1OpenGLShader__inherit__graph.pdf  used o
n input line 9.
(pdftex.def)             Requested size: 199.0pt x 156.00879pt.
 [50] <./classLight_1_1OpenGLShader__coll__graph.pdf>
<classLight_1_1OpenGLShader__coll__graph.pdf, id=2177, 199.74625pt x 156.585pt>

File: classLight_1_1OpenGLShader__coll__graph.pdf Graphic file (type pdf)
<use classLight_1_1OpenGLShader__coll__graph.pdf>
Package pdftex.def Info: classLight_1_1OpenGLShader__coll__graph.pdf  used on i
nput line 19.
(pdftex.def)             Requested size: 199.0pt x 156.00879pt.
)
(./classLight_1_1OpenGLTexture2D.tex <./classLight_1_1OpenGLTexture2D__inherit_
_graph.pdf

pdfTeX warning: pdflatex (file ./classLight_1_1OpenGLTexture2D__inherit__graph.
pdf): PDF inclusion: multiple pdfs with page group included in a single page
>
<classLight_1_1OpenGLTexture2D__inherit__graph.pdf, id=2186, 214.8025pt x 212.7
95pt>
File: classLight_1_1OpenGLTexture2D__inherit__graph.pdf Graphic file (type pdf)

<use classLight_1_1OpenGLTexture2D__inherit__graph.pdf>
Package pdftex.def Info: classLight_1_1OpenGLTexture2D__inherit__graph.pdf  use
d on input line 10.
(pdftex.def)             Requested size: 214.0pt x 212.0022pt.
 [51] <./classLight_1_1OpenGLTexture2D__coll__graph.pdf>
<classLight_1_1OpenGLTexture2D__coll__graph.pdf, id=2215, 214.8025pt x 212.795p
t>
File: classLight_1_1OpenGLTexture2D__coll__graph.pdf Graphic file (type pdf)
<use classLight_1_1OpenGLTexture2D__coll__graph.pdf>
Package pdftex.def Info: classLight_1_1OpenGLTexture2D__coll__graph.pdf  used o
n input line 20.
(pdftex.def)             Requested size: 214.0pt x 212.0022pt.
 [52])
(./classLight_1_1OpenGLVertexArray.tex <./classLight_1_1OpenGLVertexArray__inhe
rit__graph.pdf>
<classLight_1_1OpenGLVertexArray__inherit__graph.pdf, id=2231, 223.83624pt x 15
6.585pt>
File: classLight_1_1OpenGLVertexArray__inherit__graph.pdf Graphic file (type pd
f)
<use classLight_1_1OpenGLVertexArray__inherit__graph.pdf>
Package pdftex.def Info: classLight_1_1OpenGLVertexArray__inherit__graph.pdf  u
sed on input line 9.
(pdftex.def)             Requested size: 223.0pt x 156.004pt.
 <./classLight_1_1OpenGLVertexArray__coll__graph.pdf

pdfTeX warning: pdflatex (file ./classLight_1_1OpenGLVertexArray__coll__graph.p
df): PDF inclusion: multiple pdfs with page group included in a single page
>
<classLight_1_1OpenGLVertexArray__coll__graph.pdf, id=2239, 223.83624pt x 156.5
85pt>
File: classLight_1_1OpenGLVertexArray__coll__graph.pdf Graphic file (type pdf)
<use classLight_1_1OpenGLVertexArray__coll__graph.pdf>
Package pdftex.def Info: classLight_1_1OpenGLVertexArray__coll__graph.pdf  used
 on input line 19.
(pdftex.def)             Requested size: 223.0pt x 156.004pt.
 [53]) (./classLight_1_1OpenGLVertexBuffer.tex <./classLight_1_1OpenGLVertexBuf
fer__inherit__graph.pdf>
<classLight_1_1OpenGLVertexBuffer__inherit__graph.pdf, id=2265, 226.8475pt x 15
6.585pt>
File: classLight_1_1OpenGLVertexBuffer__inherit__graph.pdf Graphic file (type p
df)
<use classLight_1_1OpenGLVertexBuffer__inherit__graph.pdf>
Package pdftex.def Info: classLight_1_1OpenGLVertexBuffer__inherit__graph.pdf  
used on input line 9.
(pdftex.def)             Requested size: 226.0pt x 156.00162pt.
 <./classLight_1_1OpenGLVertexBuffer__coll__graph.pdf

pdfTeX warning: pdflatex (file ./classLight_1_1OpenGLVertexBuffer__coll__graph.
pdf): PDF inclusion: multiple pdfs with page group included in a single page
>
<classLight_1_1OpenGLVertexBuffer__coll__graph.pdf, id=2273, 226.8475pt x 224.8
4pt>
File: classLight_1_1OpenGLVertexBuffer__coll__graph.pdf Graphic file (type pdf)

<use classLight_1_1OpenGLVertexBuffer__coll__graph.pdf>
Package pdftex.def Info: classLight_1_1OpenGLVertexBuffer__coll__graph.pdf  use
d on input line 18.
(pdftex.def)             Requested size: 226.0pt x 224.00233pt.
 [54]) (./classPhysicc_1_1PhysicsWorld.tex [55])
(./classLight_1_1RenderCommand.tex) (./classLight_1_1Renderer.tex [56])
(./classLight_1_1RendererAPI.tex <./classLight_1_1RendererAPI__inherit__graph.p
df

pdfTeX warning: pdflatex (file ./classLight_1_1RendererAPI__inherit__graph.pdf)
: PDF inclusion: multiple pdfs with page group included in a single page
>
<classLight_1_1RendererAPI__inherit__graph.pdf, id=2345, 225.84375pt x 156.585p
t>
File: classLight_1_1RendererAPI__inherit__graph.pdf Graphic file (type pdf)
<use classLight_1_1RendererAPI__inherit__graph.pdf>
Package pdftex.def Info: classLight_1_1RendererAPI__inherit__graph.pdf  used on
 input line 10.
(pdftex.def)             Requested size: 225.0pt x 156.00879pt.
) (./classPhysicc_1_1RigidBody.tex [57]) (./classLight_1_1Scene.tex)
(./classLight_1_1Shader.tex <./classLight_1_1Shader__inherit__graph.pdf>
<classLight_1_1Shader__inherit__graph.pdf, id=2384, 199.74625pt x 156.585pt>
File: classLight_1_1Shader__inherit__graph.pdf Graphic file (type pdf)
<use classLight_1_1Shader__inherit__graph.pdf>
Package pdftex.def Info: classLight_1_1Shader__inherit__graph.pdf  used on inpu
t line 10.
(pdftex.def)             Requested size: 199.0pt x 156.00879pt.

[58]) (./classLight_1_1ShaderLibrary.tex) (./classPhysicc_1_1SphereCollider.tex
[59] <./classPhysicc_1_1SphereCollider__inherit__graph.pdf>
<classPhysicc_1_1SphereCollider__inherit__graph.pdf, id=2449, 211.79124pt x 156
.585pt>
File: classPhysicc_1_1SphereCollider__inherit__graph.pdf Graphic file (type pdf
)
<use classPhysicc_1_1SphereCollider__inherit__graph.pdf>
Package pdftex.def Info: classPhysicc_1_1SphereCollider__inherit__graph.pdf  us
ed on input line 19.
(pdftex.def)             Requested size: 211.0pt x 156.0064pt.
 <./classPhysicc_1_1SphereCollider__coll__graph.pdf

pdfTeX warning: pdflatex (file ./classPhysicc_1_1SphereCollider__coll__graph.pd
f): PDF inclusion: multiple pdfs with page group included in a single page
>
<classPhysicc_1_1SphereCollider__coll__graph.pdf, id=2457, 211.79124pt x 156.58
5pt>
File: classPhysicc_1_1SphereCollider__coll__graph.pdf Graphic file (type pdf)
<use classPhysicc_1_1SphereCollider__coll__graph.pdf>
Package pdftex.def Info: classPhysicc_1_1SphereCollider__coll__graph.pdf  used 
on input line 28.
(pdftex.def)             Requested size: 211.0pt x 156.0064pt.
 [60]
Underfull \hbox (badness 10000) detected at line 81
[][][]
 []

) (./structLight_1_1TagComponent.tex <./structLight_1_1TagComponent__inherit__g
raph.pdf>
<structLight_1_1TagComponent__inherit__graph.pdf, id=2485, 199.74625pt x 156.58
5pt>
File: structLight_1_1TagComponent__inherit__graph.pdf Graphic file (type pdf)
<use structLight_1_1TagComponent__inherit__graph.pdf>
Package pdftex.def Info: structLight_1_1TagComponent__inherit__graph.pdf  used 
on input line 10.
(pdftex.def)             Requested size: 199.0pt x 156.00879pt.
 [61] <./structLight_1_1TagComponent__coll__graph.pdf

pdfTeX warning: pdflatex (file ./structLight_1_1TagComponent__coll__graph.pdf):
 PDF inclusion: multiple pdfs with page group included in a single page
>
<structLight_1_1TagComponent__coll__graph.pdf, id=2500, 199.74625pt x 156.585pt
>
File: structLight_1_1TagComponent__coll__graph.pdf Graphic file (type pdf)
<use structLight_1_1TagComponent__coll__graph.pdf>
Package pdftex.def Info: structLight_1_1TagComponent__coll__graph.pdf  used on 
input line 19.
(pdftex.def)             Requested size: 199.0pt x 156.00879pt.
) (./classLight_1_1Texture.tex <./classLight_1_1Texture__inherit__graph.pdf

pdfTeX warning: pdflatex (file ./classLight_1_1Texture__inherit__graph.pdf): PD
F inclusion: multiple pdfs with page group included in a single page
>
<classLight_1_1Texture__inherit__graph.pdf, id=2509, 214.8025pt x 212.795pt>
File: classLight_1_1Texture__inherit__graph.pdf Graphic file (type pdf)
<use classLight_1_1Texture__inherit__graph.pdf>
Package pdftex.def Info: classLight_1_1Texture__inherit__graph.pdf  used on inp
ut line 9.
(pdftex.def)             Requested size: 214.0pt x 212.0022pt.
 [62]) (./classLight_1_1Texture2D.tex <./classLight_1_1Texture2D__inherit__grap
h.pdf>
<classLight_1_1Texture2D__inherit__graph.pdf, id=2529, 214.8025pt x 212.795pt>
File: classLight_1_1Texture2D__inherit__graph.pdf Graphic file (type pdf)
<use classLight_1_1Texture2D__inherit__graph.pdf>
Package pdftex.def Info: classLight_1_1Texture2D__inherit__graph.pdf  used on i
nput line 10.
(pdftex.def)             Requested size: 214.0pt x 212.0022pt.
 <./classLight_1_1Texture2D__coll__graph.pdf

pdfTeX warning: pdflatex (file ./classLight_1_1Texture2D__coll__graph.pdf): PDF
 inclusion: multiple pdfs with page group included in a single page
>
<classLight_1_1Texture2D__coll__graph.pdf, id=2537, 176.66pt x 156.585pt>
File: classLight_1_1Texture2D__coll__graph.pdf Graphic file (type pdf)
<use classLight_1_1Texture2D__coll__graph.pdf>
Package pdftex.def Info: classLight_1_1Texture2D__coll__graph.pdf  used on inpu
t line 19.
(pdftex.def)             Requested size: 176.0pt x 156.00162pt.
 [63]) (./classLight_1_1Timestep.tex) (./structLight_1_1TransformComponent.tex 
<./structLight_1_1TransformComponent__inherit__graph.pdf>
<structLight_1_1TransformComponent__inherit__graph.pdf, id=2557, 232.87pt x 156
.585pt>
File: structLight_1_1TransformComponent__inherit__graph.pdf Graphic file (type 
pdf)
<use structLight_1_1TransformComponent__inherit__graph.pdf>
Package pdftex.def Info: structLight_1_1TransformComponent__inherit__graph.pdf 
 used on input line 10.
(pdftex.def)             Requested size: 232.0pt x 156.0064pt.
 [64] <./structLight_1_1TransformComponent__coll__graph.pdf>
<structLight_1_1TransformComponent__coll__graph.pdf, id=2579, 232.87pt x 156.58
5pt>
File: structLight_1_1TransformComponent__coll__graph.pdf Graphic file (type pdf
)
<use structLight_1_1TransformComponent__coll__graph.pdf>
Package pdftex.def Info: structLight_1_1TransformComponent__coll__graph.pdf  us
ed on input line 20.
(pdftex.def)             Requested size: 232.0pt x 156.0064pt.
) (./classLight_1_1VertexArray.tex <./classLight_1_1VertexArray__inherit__graph
.pdf

pdfTeX warning: pdflatex (file ./classLight_1_1VertexArray__inherit__graph.pdf)
: PDF inclusion: multiple pdfs with page group included in a single page
>
<classLight_1_1VertexArray__inherit__graph.pdf, id=2587, 223.83624pt x 156.585p
t>
File: classLight_1_1VertexArray__inherit__graph.pdf Graphic file (type pdf)
<use classLight_1_1VertexArray__inherit__graph.pdf>
Package pdftex.def Info: classLight_1_1VertexArray__inherit__graph.pdf  used on
 input line 9.
(pdftex.def)             Requested size: 223.0pt x 156.004pt.
 [65]) (./classLight_1_1VertexBuffer.tex <./classLight_1_1VertexBuffer__inherit
__graph.pdf>
<classLight_1_1VertexBuffer__inherit__graph.pdf, id=2616, 226.8475pt x 156.585p
t>
File: classLight_1_1VertexBuffer__inherit__graph.pdf Graphic file (type pdf)
<use classLight_1_1VertexBuffer__inherit__graph.pdf>
Package pdftex.def Info: classLight_1_1VertexBuffer__inherit__graph.pdf  used o
n input line 10.
(pdftex.def)             Requested size: 226.0pt x 156.00162pt.
 <./classLight_1_1VertexBuffer__coll__graph.pdf

pdfTeX warning: pdflatex (file ./classLight_1_1VertexBuffer__coll__graph.pdf): 
PDF inclusion: multiple pdfs with page group included in a single page
>
<classLight_1_1VertexBuffer__coll__graph.pdf, id=2624, 190.7125pt x 167.62625pt
>
File: classLight_1_1VertexBuffer__coll__graph.pdf Graphic file (type pdf)
<use classLight_1_1VertexBuffer__coll__graph.pdf>
Package pdftex.def Info: classLight_1_1VertexBuffer__coll__graph.pdf  used on i
nput line 19.
(pdftex.def)             Requested size: 190.0pt x 167.00684pt.
 [66]) (./classLight_1_1Window.tex <./classLight_1_1Window__inherit__graph.pdf>
<classLight_1_1Window__inherit__graph.pdf, id=2653, 188.705pt x 156.585pt>
File: classLight_1_1Window__inherit__graph.pdf Graphic file (type pdf)
<use classLight_1_1Window__inherit__graph.pdf>
Package pdftex.def Info: classLight_1_1Window__inherit__graph.pdf  used on inpu
t line 10.
(pdftex.def)             Requested size: 188.0pt x 155.99922pt.
 [67]) (./classLight_1_1WindowCloseEvent.tex <./classLight_1_1WindowCloseEvent_
_inherit__graph.pdf>
<classLight_1_1WindowCloseEvent__inherit__graph.pdf, id=2682, 220.825pt x 156.5
85pt>
File: classLight_1_1WindowCloseEvent__inherit__graph.pdf Graphic file (type pdf
)
<use classLight_1_1WindowCloseEvent__inherit__graph.pdf>
Package pdftex.def Info: classLight_1_1WindowCloseEvent__inherit__graph.pdf  us
ed on input line 9.
(pdftex.def)             Requested size: 220.0pt x 156.0064pt.
 <./classLight_1_1WindowCloseEvent__coll__graph.pdf

pdfTeX warning: pdflatex (file ./classLight_1_1WindowCloseEvent__coll__graph.pd
f): PDF inclusion: multiple pdfs with page group included in a single page
>
<classLight_1_1WindowCloseEvent__coll__graph.pdf, id=2690, 220.825pt x 156.585p
t>
File: classLight_1_1WindowCloseEvent__coll__graph.pdf Graphic file (type pdf)
<use classLight_1_1WindowCloseEvent__coll__graph.pdf>
Package pdftex.def Info: classLight_1_1WindowCloseEvent__coll__graph.pdf  used 
on input line 19.
(pdftex.def)             Requested size: 220.0pt x 156.0064pt.
 [68]) (./classLight_1_1WindowGlfw.tex <./classLight_1_1WindowGlfw__inherit__gr
aph.pdf>
<classLight_1_1WindowGlfw__inherit__graph.pdf, id=2717, 188.705pt x 156.585pt>
File: classLight_1_1WindowGlfw__inherit__graph.pdf Graphic file (type pdf)
<use classLight_1_1WindowGlfw__inherit__graph.pdf>
Package pdftex.def Info: classLight_1_1WindowGlfw__inherit__graph.pdf  used on 
input line 10.
(pdftex.def)             Requested size: 188.0pt x 155.99922pt.
 <./classLight_1_1WindowGlfw__coll__graph.pdf

pdfTeX warning: pdflatex (file ./classLight_1_1WindowGlfw__coll__graph.pdf): PD
F inclusion: multiple pdfs with page group included in a single page
>
<classLight_1_1WindowGlfw__coll__graph.pdf, id=2725, 188.705pt x 156.585pt>
File: classLight_1_1WindowGlfw__coll__graph.pdf Graphic file (type pdf)
<use classLight_1_1WindowGlfw__coll__graph.pdf>
Package pdftex.def Info: classLight_1_1WindowGlfw__coll__graph.pdf  used on inp
ut line 19.
(pdftex.def)             Requested size: 188.0pt x 155.99922pt.
 [69]) (./structLight_1_1WindowProps.tex)
(./classLight_1_1WindowResizeEvent.tex <./classLight_1_1WindowResizeEvent__inhe
rit__graph.pdf>
<classLight_1_1WindowResizeEvent__inherit__graph.pdf, id=2754, 226.8475pt x 156
.585pt>
File: classLight_1_1WindowResizeEvent__inherit__graph.pdf Graphic file (type pd
f)
<use classLight_1_1WindowResizeEvent__inherit__graph.pdf>
Package pdftex.def Info: classLight_1_1WindowResizeEvent__inherit__graph.pdf  u
sed on input line 9.
(pdftex.def)             Requested size: 226.0pt x 156.00162pt.
 <./classLight_1_1WindowResizeEvent__coll__graph.pdf

pdfTeX warning: pdflatex (file ./classLight_1_1WindowResizeEvent__coll__graph.p
df): PDF inclusion: multiple pdfs with page group included in a single page
>
<classLight_1_1WindowResizeEvent__coll__graph.pdf, id=2762, 226.8475pt x 156.58
5pt>
File: classLight_1_1WindowResizeEvent__coll__graph.pdf Graphic file (type pdf)
<use classLight_1_1WindowResizeEvent__coll__graph.pdf>
Package pdftex.def Info: classLight_1_1WindowResizeEvent__coll__graph.pdf  used
 on input line 19.
(pdftex.def)             Requested size: 226.0pt x 156.00162pt.
 [70]) [71] [72

]
Chapter 6.
(./collider_8cpp.tex <./collider_8cpp__incl.pdf

pdfTeX warning: pdflatex (file ./collider_8cpp__incl.pdf): PDF inclusion: multi
ple pdfs with page group included in a single page
>
<collider_8cpp__incl.pdf, id=2798, 461.725pt x 269.005pt>
File: collider_8cpp__incl.pdf Graphic file (type pdf)
<use collider_8cpp__incl.pdf>
Package pdftex.def Info: collider_8cpp__incl.pdf  used on input line 14.
(pdftex.def)             Requested size: 350.0pt x 203.91231pt.

Underfull \hbox (badness 10000) detected at line 24
[][][]
 []

) (./physicsworld_8cpp.tex <./physicsworld_8cpp__incl.pdf

pdfTeX warning: pdflatex (file ./physicsworld_8cpp__incl.pdf): PDF inclusion: m
ultiple pdfs with page group included in a single page
>
<physicsworld_8cpp__incl.pdf, id=2807, 533.995pt x 381.425pt>
File: physicsworld_8cpp__incl.pdf Graphic file (type pdf)
<use physicsworld_8cpp__incl.pdf>
Package pdftex.def Info: physicsworld_8cpp__incl.pdf  used on input line 13.
(pdftex.def)             Requested size: 350.0pt x 250.00688pt.
 [73]
Underfull \hbox (badness 10000) detected at line 23
[][][]
 []

) (./rigidbody_8cpp.tex <./rigidbody_8cpp__incl.pdf>
<rigidbody_8cpp__incl.pdf, id=2823, 514.92375pt x 325.215pt>
File: rigidbody_8cpp__incl.pdf Graphic file (type pdf)
<use rigidbody_8cpp__incl.pdf>
Package pdftex.def Info: rigidbody_8cpp__incl.pdf  used on input line 14.
(pdftex.def)             Requested size: 350.0pt x 221.05891pt.
 [74]
Underfull \hbox (badness 10000) detected at line 22
[][][]
 []

) [75] [76

]
Chapter 7.
(./Use-example.tex) [77] [78

] (./refman.ind
Underfull \hbox (badness 2726) in paragraph at lines 114--116
[]\T1/phv/m/n/10 Physicc::BVImpl::BaseBV$\OML/cmm/m/it/10 <$ \T1/phv/m/n/10 De-
rived, Boundin-gOb-ject
 []

[79


] [80

])
Package atveryend Info: Empty hook `BeforeClearDocument' on input line 272.
Package atveryend Info: Empty hook `AfterLastShipout' on input line 272.
 (./refman.aux)
Package atveryend Info: Executing hook `AtVeryEndDocument' on input line 272.
Package atveryend Info: Executing hook `AtEndAfterFileList' on input line 272.
Package rerunfilecheck Info: File `refman.out' has not changed.
(rerunfilecheck)             Checksum: C41DEA77BAC8A067DD796945076F1000;30127.


LaTeX Warning: There were undefined references.

 ) 
Here is how much of TeX's memory you used:
 18725 strings out of 483183
 329537 string characters out of 5966293
 569479 words of memory out of 5000000
 32385 multiletter control sequences out of 15000+600000
 596808 words of font info for 105 fonts, out of 8000000 for 9000
 14 hyphenation exceptions out of 8191
 55i,16n,96p,938b,627s stack positions out of 5000i,500n,10000p,200000b,80000s
{/usr/share/texlive/texmf-dist/fonts/enc/dvips/base/8r.enc}</usr/share/texliv
e/texmf-dist/fonts/type1/public/amsfonts/cm/cmmi10.pfb></usr/share/texlive/texm
f-dist/fonts/type1/public/amsfonts/cm/cmmi12.pfb></usr/share/texlive/texmf-dist
/fonts/type1/public/amsfonts/cm/cmmi7.pfb></usr/share/texlive/texmf-dist/fonts/
type1/public/amsfonts/cm/cmmi8.pfb></usr/share/texlive/texmf-dist/fonts/type1/p
ublic/amsfonts/cm/cmsy10.pfb></usr/share/texlive/texmf-dist/fonts/type1/public/
amsfonts/cm/cmsy7.pfb></usr/share/texlive/texmf-dist/fonts/type1/urw/courier/uc
rb8a.pfb></usr/share/texlive/texmf-dist/fonts/type1/urw/courier/ucrr8a.pfb></us
r/share/texlive/texmf-dist/fonts/type1/urw/courier/ucrro8a.pfb></usr/share/texl
ive/texmf-dist/fonts/type1/urw/helvetic/uhvb8a.pfb></usr/share/texlive/texmf-di
st/fonts/type1/urw/helvetic/uhvb8ac.pfb></usr/share/texlive/texmf-dist/fonts/ty
pe1/urw/helvetic/uhvr8a.pfb></usr/share/texlive/texmf-dist/fonts/type1/urw/helv
etic/uhvro8a.pfb>
Output written on refman.pdf (86 pages, 765022 bytes).
PDF statistics:
 3209 PDF objects out of 3580 (max. 8388607)
 2793 compressed objects within 28 object streams
 879 named destinations out of 1000 (max. 500000)
 1451 words of extra memory for PDF output out of 10000 (max. 10000000)

